Initializing document watcher...
Detected change in configuration: {}
atypikhouseFront/src/app/add-estate/add-estate.component.ts: {"insertSpaces":true,"tabSize":2}
atypikhouseFront/src/app/add-estate/add-estate.component.ts: Using EditorConfig core...
src/app/add-estate/add-estate.component.ts: editor.action.trimTrailingWhitespace
atypikhouseFront/src/app/add-estate/add-estate.component.ts: Using EditorConfig core...
src/app/add-estate/add-estate.component.ts: editor.action.trimTrailingWhitespace
atypikhouseFront/src/app/add-estate/add-estate.component.ts: Using EditorConfig core...
src/app/add-estate/add-estate.component.ts: editor.action.trimTrailingWhitespace
atypikhouseFront/src/app/add-estate/add-estate.component.ts: Using EditorConfig core...
src/app/add-estate/add-estate.component.ts: editor.action.trimTrailingWhitespace
atypikhouseFront/src/app/add-estate/add-estate.component.ts: Using EditorConfig core...
src/app/add-estate/add-estate.component.ts: editor.action.trimTrailingWhitespace
atypikhouseFront/src/app/add-estate/add-estate.component.ts: Using EditorConfig core...
src/app/add-estate/add-estate.component.ts: editor.action.trimTrailingWhitespace
atypikhouseFront/src/app/add-estate/add-estate.component.ts: Using EditorConfig core...
src/app/add-estate/add-estate.component.ts: editor.action.trimTrailingWhitespace
atypikhouseFront/src/app/add-estate/add-estate.component.ts: Using EditorConfig core...
src/app/add-estate/add-estate.component.ts: editor.action.trimTrailingWhitespace
atypikhouseFront/src/app/add-estate/add-estate.component.ts: Using EditorConfig core...
src/app/add-estate/add-estate.component.ts: editor.action.trimTrailingWhitespace
atypikhouseFront/src/app/add-estate/add-estate.component.ts: Using EditorConfig core...
src/app/add-estate/add-estate.component.ts: editor.action.trimTrailingWhitespace
atypikhouseFront/src/app/add-estate/add-estate.component.ts: Using EditorConfig core...
src/app/add-estate/add-estate.component.ts: editor.action.trimTrailingWhitespace
atypikhouseFront/src/app/add-estate/add-estate.component.ts: Using EditorConfig core...
src/app/add-estate/add-estate.component.ts: editor.action.trimTrailingWhitespace
atypikhouseFront/src/app/add-estate/add-estate.component.ts: Using EditorConfig core...
src/app/add-estate/add-estate.component.ts: editor.action.trimTrailingWhitespace
atypikhouseFront/src/app/add-estate/add-estate.component.ts: Using EditorConfig core...
src/app/add-estate/add-estate.component.ts: editor.action.trimTrailingWhitespace
atypikhouseFront/src/app/add-estate/add-estate.component.ts: Using EditorConfig core...
src/app/add-estate/add-estate.component.ts: editor.action.trimTrailingWhitespace
atypikhouseFront/src/app/add-estate/add-estate.component.ts: Using EditorConfig core...
src/app/add-estate/add-estate.component.ts: editor.action.trimTrailingWhitespace
atypikhouseFront/src/app/add-estate/add-estate.component.ts: {"insertSpaces":true,"tabSize":2}
atypikhouseFront/src/app/add-estate/add-estate.component.html: {"insertSpaces":true,"tabSize":2}
atypikhouseFront/src/app/add-estate/add-estate.component.ts: {"insertSpaces":true,"tabSize":2}
atypikhouseFront/src/app/add-estate/add-estate.component.ts: {"insertSpaces":true,"tabSize":2}
atypikhouseFront/src/app/add-estate/add-estate.component.ts: {"insertSpaces":true,"tabSize":2}
atypikhouseFront/src/app/add-estate/add-estate.component.ts: Using EditorConfig core...
src/app/add-estate/add-estate.component.ts: editor.action.trimTrailingWhitespace
atypikhouseFront/src/app/add-estate/add-estate.component.ts: Using EditorConfig core...
src/app/add-estate/add-estate.component.ts: editor.action.trimTrailingWhitespace
atypikhouseFront/src/app/add-estate/add-estate.component.ts: {"insertSpaces":true,"tabSize":2}
atypikhouseFront/src/app/upload-file/upload-file.component.ts: {"insertSpaces":true,"tabSize":2}
atypikhouseFront/src/app/upload-file/upload-file.component.ts: Using EditorConfig core...
src/app/upload-file/upload-file.component.ts: editor.action.trimTrailingWhitespace
atypikhouseFront/src/app/upload-file/upload-file.component.ts: Using EditorConfig core...
src/app/upload-file/upload-file.component.ts: editor.action.trimTrailingWhitespace
atypikhouseFront/src/app/upload-file/upload-file.component.ts: Using EditorConfig core...
src/app/upload-file/upload-file.component.ts: editor.action.trimTrailingWhitespace
atypikhouseFront/src/app/upload-file/upload-file.component.ts: Using EditorConfig core...
src/app/upload-file/upload-file.component.ts: editor.action.trimTrailingWhitespace
atypikhouseFront/src/app/upload-file/upload-file.component.ts: Using EditorConfig core...
src/app/upload-file/upload-file.component.ts: editor.action.trimTrailingWhitespace
