Search path: /Users/amy/Desktop/atypikhouseFront/src/app/home
Config file name: /Users/amy/Desktop/atypikhouseFront/tsconfig.json
Angular Language Service: 8.1.2
TypeScript: 3.4.5
getTemplateReferences: 8526ms
Add recursive watcher for: /Users/amy/Desktop/atypikhouseFront
Opened configuration file /Users/amy/Desktop/atypikhouseFront/tsconfig.json
getTemplateReferences: 0ms
Search path: /Users/amy/Desktop/atypikhouseFront/src/app/add-estate
Config file name: /Users/amy/Desktop/atypikhouseFront/tsconfig.json
getTemplateReferences: 0ms
getHoverAt: 1ms
getHoverAt: 0ms
getHoverAt: 0ms
getHoverAt: 0ms
getCompletions: 45ms
getCompletions: 0ms
Search path: /Users/amy/Desktop/atypikhouseFront/src/app/add-estate
Config file name: /Users/amy/Desktop/atypikhouseFront/tsconfig.json
getTemplateReferences: 0ms
Search path: /Users/amy/Desktop/atypikhouseFront/src/app/add-estate
Config file name: /Users/amy/Desktop/atypikhouseFront/tsconfig.json
getTemplateReferences: 0ms
getCompletions: 30ms
getDiagnostics: 122ms
Search path: /Users/amy/Desktop/atypikhouseFront/src/app/add-estate
Config file name: /Users/amy/Desktop/atypikhouseFront/tsconfig.json
getTemplateReferences: 165ms
getDiagnostics: 110ms
Search path: /Users/amy/Desktop/atypikhouseFront/src/app/add-estate
Config file name: /Users/amy/Desktop/atypikhouseFront/tsconfig.json
getTemplateReferences: 379ms
updating project structure from ...
getTemplateReferences: 0ms
updated: ng - 0ms
getDiagnostics: 0ms
getDiagnostics: 154ms
Search path: /Users/amy/Desktop/atypikhouseFront/src/app/add-estate
Config file name: /Users/amy/Desktop/atypikhouseFront/tsconfig.json
getTemplateReferences: 120ms
getDiagnostics: 670ms
Search path: /Users/amy/Desktop/atypikhouseFront/src/app/add-estate
Config file name: /Users/amy/Desktop/atypikhouseFront/tsconfig.json
getTemplateReferences: 475ms
updating project structure from ...
getTemplateReferences: 0ms
updated: ng - 0ms
getDiagnostics: 1ms
getCompletions: 144ms
getCompletions: 145ms
getDiagnostics: 41ms
Search path: /Users/amy/Desktop/atypikhouseFront/src/app/add-estate
Config file name: /Users/amy/Desktop/atypikhouseFront/tsconfig.json
getTemplateReferences: 117ms
getDiagnostics: 408ms
Search path: /Users/amy/Desktop/atypikhouseFront/src/app/add-estate
Config file name: /Users/amy/Desktop/atypikhouseFront/tsconfig.json
getTemplateReferences: 391ms
updating project structure from ...
getTemplateReferences: 0ms
updated: ng - 0ms
getDiagnostics: 1ms
getDiagnostics: 124ms
Search path: /Users/amy/Desktop/atypikhouseFront/src/app/add-estate
Config file name: /Users/amy/Desktop/atypikhouseFront/tsconfig.json
getTemplateReferences: 135ms
updating project structure from ...
getTemplateReferences: 0ms
updated: ng - 0ms
getDiagnostics: 1ms
getDiagnostics: 132ms
getDiagnostics: 181ms
Search path: /Users/amy/Desktop/atypikhouseFront/src/app/add-estate
Config file name: /Users/amy/Desktop/atypikhouseFront/tsconfig.json
getTemplateReferences: 0ms
updating project structure from ...
getTemplateReferences: 0ms
updated: ng - 242ms
getDiagnostics: 54ms
getDiagnostics: 144ms
Search path: /Users/amy/Desktop/atypikhouseFront/src/app/add-estate
Config file name: /Users/amy/Desktop/atypikhouseFront/tsconfig.json
getTemplateReferences: 137ms
updating project structure from ...
getTemplateReferences: 0ms
updated: ng - 0ms
getDiagnostics: 1ms
getDiagnostics: 74ms
Search path: /Users/amy/Desktop/atypikhouseFront/src/app/add-estate
Config file name: /Users/amy/Desktop/atypikhouseFront/tsconfig.json
getTemplateReferences: 137ms
updating project structure from ...
getTemplateReferences: 0ms
updated: ng - 0ms
getHoverAt: 0ms
getDiagnostics: 0ms
getHoverAt: 0ms
getCompletions: 34ms
getDiagnostics: 81ms
Search path: /Users/amy/Desktop/atypikhouseFront/src/app/add-estate
Config file name: /Users/amy/Desktop/atypikhouseFront/tsconfig.json
getTemplateReferences: 222ms
getCompletions: 44ms
getDiagnostics: 95ms
Search path: /Users/amy/Desktop/atypikhouseFront/src/app/add-estate
Config file name: /Users/amy/Desktop/atypikhouseFront/tsconfig.json
getTemplateReferences: 188ms
getDiagnostics: 154ms
getCompletions: 103ms
getDiagnostics: 412ms
getDiagnostics: 64ms
Search path: /Users/amy/Desktop/atypikhouseFront/src/app/add-estate
Config file name: /Users/amy/Desktop/atypikhouseFront/tsconfig.json
getTemplateReferences: 167ms
updating project structure from ...
getTemplateReferences: 0ms
updated: ng - 0ms
getDiagnostics: 107ms
Search path: /Users/amy/Desktop/atypikhouseFront/src/app/add-estate
Config file name: /Users/amy/Desktop/atypikhouseFront/tsconfig.json
getTemplateReferences: 353ms
getHoverAt: 0ms
updating project structure from ...
getTemplateReferences: 0ms
updated: ng - 0ms
getDiagnostics: 1ms
Search path: /Users/amy/Desktop/atypikhouseFront/src/app/add-estate
Config file name: /Users/amy/Desktop/atypikhouseFront/tsconfig.json
getTemplateReferences: 0ms
getTemplateReferences: 0ms
getDiagnostics: 142ms
getHoverAt: 1ms
Search path: /Users/amy/Desktop/atypikhouseFront/src/app/add-estate
Config file name: /Users/amy/Desktop/atypikhouseFront/tsconfig.json
getTemplateReferences: 0ms
getDiagnostics: 124ms
getHoverAt: 0ms
getHoverAt: 0ms
getHoverAt: 0ms
getHoverAt: 0ms
getHoverAt: 0ms
getDiagnostics: 219ms
Search path: /Users/amy/Desktop/atypikhouseFront/src/app/add-estate
Config file name: /Users/amy/Desktop/atypikhouseFront/tsconfig.json
getTemplateReferences: 0ms
updating project structure from ...
getTemplateReferences: 0ms
updated: ng - 222ms
getDiagnostics: 95ms
Search path: /Users/amy/Desktop/atypikhouseFront/src/app/upload-file
Config file name: /Users/amy/Desktop/atypikhouseFront/tsconfig.json
getTemplateReferences: 0ms
getDiagnostics: 91ms
getHoverAt: 1ms
getHoverAt: 0ms
getHoverAt: 1ms
getDiagnostics: 210ms
Search path: /Users/amy/Desktop/atypikhouseFront/src/app/upload-file
Config file name: /Users/amy/Desktop/atypikhouseFront/tsconfig.json
getTemplateReferences: 0ms
updating project structure from ...
updated: ng - 179ms
getDiagnostics: 41ms
getDiagnostics: 198ms
Search path: /Users/amy/Desktop/atypikhouseFront/src/app/upload-file
Config file name: /Users/amy/Desktop/atypikhouseFront/tsconfig.json
getTemplateReferences: 504ms
getDiagnostics: 169ms
Search path: /Users/amy/Desktop/atypikhouseFront/src/app/upload-file
Config file name: /Users/amy/Desktop/atypikhouseFront/tsconfig.json
getTemplateReferences: 419ms
updating project structure from ...
updated: ng - 0ms
getDiagnostics: 1ms
getDiagnostics: 83ms
Search path: /Users/amy/Desktop/atypikhouseFront/src/app/upload-file
Config file name: /Users/amy/Desktop/atypikhouseFront/tsconfig.json
getTemplateReferences: 151ms
updating project structure from ...
updated: ng - 0ms
getDiagnostics: 1ms
getDiagnostics: 72ms
Search path: /Users/amy/Desktop/atypikhouseFront/src/app/upload-file
Config file name: /Users/amy/Desktop/atypikhouseFront/tsconfig.json
getTemplateReferences: 154ms
updating project structure from ...
updated: ng - 0ms
getDiagnostics: 1ms
