[2019-07-29 15:26:13.990] [exthost] [info] extension host started
[2019-07-29 15:26:14.013] [exthost] [info] ExtensionService#_doActivateExtension vscode.debug-auto-launch {"startup":true,"activationEvent":"*"}
[2019-07-29 15:26:14.013] [exthost] [info] ExtensionService#loadCommonJSModule /Applications/Visual Studio Code.app/Contents/Resources/app/extensions/debug-auto-launch/dist/extension
[2019-07-29 15:26:14.020] [exthost] [info] ExtensionService#_doActivateExtension vscode.emmet {"startup":true,"activationEvent":"*"}
[2019-07-29 15:26:14.020] [exthost] [info] ExtensionService#loadCommonJSModule /Applications/Visual Studio Code.app/Contents/Resources/app/extensions/emmet/dist/extension
[2019-07-29 15:26:14.063] [exthost] [info] ExtensionService#_doActivateExtension vscode.git {"startup":true,"activationEvent":"*"}
[2019-07-29 15:26:14.063] [exthost] [info] ExtensionService#loadCommonJSModule /Applications/Visual Studio Code.app/Contents/Resources/app/extensions/git/dist/main
[2019-07-29 15:26:14.190] [exthost] [info] ExtensionService#_doActivateExtension vscode.merge-conflict {"startup":true,"activationEvent":"*"}
[2019-07-29 15:26:14.190] [exthost] [info] ExtensionService#loadCommonJSModule /Applications/Visual Studio Code.app/Contents/Resources/app/extensions/merge-conflict/dist/extension
[2019-07-29 15:26:14.199] [exthost] [info] ExtensionService#_doActivateExtension EditorConfig.EditorConfig {"startup":true,"activationEvent":"*"}
[2019-07-29 15:26:14.199] [exthost] [info] ExtensionService#loadCommonJSModule /Users/amy/.vscode/extensions/editorconfig.editorconfig-0.13.0/out/src/editorConfigMain
[2019-07-29 15:26:14.232] [exthost] [info] ExtensionService#_doActivateExtension esbenp.prettier-vscode {"startup":true,"activationEvent":"*"}
[2019-07-29 15:26:14.232] [exthost] [info] ExtensionService#loadCommonJSModule /Users/amy/.vscode/extensions/esbenp.prettier-vscode-1.9.0/out/src/extension
[2019-07-29 15:26:14.571] [exthost] [info] ExtensionService#_doActivateExtension johnpapa.vscode-peacock {"startup":true,"activationEvent":"*"}
[2019-07-29 15:26:14.571] [exthost] [info] ExtensionService#loadCommonJSModule /Users/amy/.vscode/extensions/johnpapa.vscode-peacock-2.5.2/dist/extension
[2019-07-29 15:26:14.596] [exthost] [info] ExtensionService#_doActivateExtension nrwl.angular-console {"startup":true,"activationEvent":"*"}
[2019-07-29 15:26:14.596] [exthost] [info] ExtensionService#loadCommonJSModule /Users/amy/.vscode/extensions/nrwl.angular-console-8.0.10/main.js
[2019-07-29 15:26:14.641] [exthost] [info] ExtensionService#_doActivateExtension PKief.material-icon-theme {"startup":true,"activationEvent":"*"}
[2019-07-29 15:26:14.641] [exthost] [info] ExtensionService#loadCommonJSModule /Users/amy/.vscode/extensions/pkief.material-icon-theme-3.8.1/dist/extension
[2019-07-29 15:26:14.674] [exthost] [info] eager extensions activated
[2019-07-29 15:26:15.023] [exthost] [info] ExtensionService#_doActivateExtension vscode.configuration-editing {"startup":false,"activationEvent":"onLanguage:jsonc"}
[2019-07-29 15:26:15.023] [exthost] [info] ExtensionService#loadCommonJSModule /Applications/Visual Studio Code.app/Contents/Resources/app/extensions/configuration-editing/dist/extension
[2019-07-29 15:26:15.035] [exthost] [info] ExtensionService#_doActivateExtension vscode.json-language-features {"startup":false,"activationEvent":"onLanguage:jsonc"}
[2019-07-29 15:26:15.035] [exthost] [info] ExtensionService#loadCommonJSModule /Applications/Visual Studio Code.app/Contents/Resources/app/extensions/json-language-features/client/dist/jsonMain
[2019-07-29 15:26:15.120] [exthost] [info] ExtensionService#_doActivateExtension vscode.typescript-language-features {"startup":false,"activationEvent":"onLanguage:jsonc"}
[2019-07-29 15:26:15.120] [exthost] [info] ExtensionService#loadCommonJSModule /Applications/Visual Studio Code.app/Contents/Resources/app/extensions/typescript-language-features/dist/extension
[2019-07-29 15:30:12.296] [exthost] [info] extension host started
[2019-07-29 15:30:12.313] [exthost] [info] ExtensionService#_doActivateExtension vscode.debug-auto-launch {"startup":true,"activationEvent":"*"}
[2019-07-29 15:30:12.313] [exthost] [info] ExtensionService#loadCommonJSModule /Applications/Visual Studio Code.app/Contents/Resources/app/extensions/debug-auto-launch/dist/extension
[2019-07-29 15:30:12.318] [exthost] [info] ExtensionService#_doActivateExtension vscode.emmet {"startup":true,"activationEvent":"*"}
[2019-07-29 15:30:12.319] [exthost] [info] ExtensionService#loadCommonJSModule /Applications/Visual Studio Code.app/Contents/Resources/app/extensions/emmet/dist/extension
[2019-07-29 15:30:12.324] [exthost] [info] ExtensionService#_doActivateExtension vscode.git {"startup":true,"activationEvent":"*"}
[2019-07-29 15:30:12.324] [exthost] [info] ExtensionService#loadCommonJSModule /Applications/Visual Studio Code.app/Contents/Resources/app/extensions/git/dist/main
[2019-07-29 15:30:12.361] [exthost] [info] ExtensionService#_doActivateExtension vscode.merge-conflict {"startup":true,"activationEvent":"*"}
[2019-07-29 15:30:12.361] [exthost] [info] ExtensionService#loadCommonJSModule /Applications/Visual Studio Code.app/Contents/Resources/app/extensions/merge-conflict/dist/extension
[2019-07-29 15:30:12.365] [exthost] [info] ExtensionService#_doActivateExtension EditorConfig.EditorConfig {"startup":true,"activationEvent":"*"}
[2019-07-29 15:30:12.365] [exthost] [info] ExtensionService#loadCommonJSModule /Users/amy/.vscode/extensions/editorconfig.editorconfig-0.13.0/out/src/editorConfigMain
[2019-07-29 15:30:12.393] [exthost] [info] ExtensionService#_doActivateExtension esbenp.prettier-vscode {"startup":true,"activationEvent":"*"}
[2019-07-29 15:30:12.393] [exthost] [info] ExtensionService#loadCommonJSModule /Users/amy/.vscode/extensions/esbenp.prettier-vscode-1.9.0/out/src/extension
[2019-07-29 15:30:12.485] [exthost] [info] ExtensionService#_doActivateExtension johnpapa.vscode-peacock {"startup":true,"activationEvent":"*"}
[2019-07-29 15:30:12.485] [exthost] [info] ExtensionService#loadCommonJSModule /Users/amy/.vscode/extensions/johnpapa.vscode-peacock-2.5.2/dist/extension
[2019-07-29 15:30:12.492] [exthost] [info] ExtensionService#_doActivateExtension nrwl.angular-console {"startup":true,"activationEvent":"*"}
[2019-07-29 15:30:12.492] [exthost] [info] ExtensionService#loadCommonJSModule /Users/amy/.vscode/extensions/nrwl.angular-console-8.0.10/main.js
[2019-07-29 15:30:12.497] [exthost] [info] ExtensionService#_doActivateExtension PKief.material-icon-theme {"startup":true,"activationEvent":"*"}
[2019-07-29 15:30:12.497] [exthost] [info] ExtensionService#loadCommonJSModule /Users/amy/.vscode/extensions/pkief.material-icon-theme-3.8.1/dist/extension
[2019-07-29 15:30:14.747] [exthost] [info] eager extensions activated
[2019-07-29 15:30:33.201] [exthost] [info] ExtensionService#_doActivateExtension vscode.html-language-features {"startup":false,"activationEvent":"onLanguage:html"}
[2019-07-29 15:30:33.201] [exthost] [info] ExtensionService#loadCommonJSModule /Applications/Visual Studio Code.app/Contents/Resources/app/extensions/html-language-features/client/dist/htmlMain
[2019-07-29 15:30:33.272] [exthost] [info] ExtensionService#_doActivateExtension Angular.ng-template {"startup":false,"activationEvent":"onLanguage:html"}
[2019-07-29 15:30:33.272] [exthost] [info] ExtensionService#loadCommonJSModule /Users/amy/.vscode/extensions/angular.ng-template-0.801.1/out/extension
[2019-07-29 15:36:39.786] [exthost] [info] ExtensionService#_doActivateExtension vscode.extension-editing {"startup":false,"activationEvent":"onLanguage:typescript"}
[2019-07-29 15:36:39.786] [exthost] [info] ExtensionService#loadCommonJSModule /Applications/Visual Studio Code.app/Contents/Resources/app/extensions/extension-editing/dist/extension
[2019-07-29 15:36:39.861] [exthost] [info] ExtensionService#_doActivateExtension vscode.typescript-language-features {"startup":false,"activationEvent":"onLanguage:typescript"}
[2019-07-29 15:36:39.861] [exthost] [info] ExtensionService#loadCommonJSModule /Applications/Visual Studio Code.app/Contents/Resources/app/extensions/typescript-language-features/dist/extension
[2019-07-29 15:36:39.953] [exthost] [info] ExtensionService#_doActivateExtension ms-vscode.vscode-typescript-tslint-plugin {"startup":false,"activationEvent":"onLanguage:typescript"}
[2019-07-29 15:36:39.953] [exthost] [info] ExtensionService#loadCommonJSModule /Users/amy/.vscode/extensions/ms-vscode.vscode-typescript-tslint-plugin-1.2.2/out/index.js
[2019-07-29 15:36:39.969] [exthost] [info] ExtensionService#_doActivateExtension natewallace.angular2-inline {"startup":false,"activationEvent":"onLanguage:typescript"}
[2019-07-29 15:36:39.969] [exthost] [info] ExtensionService#loadCommonJSModule /Users/amy/.vscode/extensions/natewallace.angular2-inline-0.0.17/src/main
[2019-07-29 15:36:46.936] [exthost] [info] ExtensionService#_doActivateExtension vscode.configuration-editing {"startup":false,"activationEvent":"onLanguage:jsonc"}
[2019-07-29 15:36:46.936] [exthost] [info] ExtensionService#loadCommonJSModule /Applications/Visual Studio Code.app/Contents/Resources/app/extensions/configuration-editing/dist/extension
[2019-07-29 15:36:46.944] [exthost] [info] ExtensionService#_doActivateExtension vscode.json-language-features {"startup":false,"activationEvent":"onLanguage:jsonc"}
[2019-07-29 15:36:46.944] [exthost] [info] ExtensionService#loadCommonJSModule /Applications/Visual Studio Code.app/Contents/Resources/app/extensions/json-language-features/client/dist/jsonMain
[2019-07-29 15:46:48.814] [exthost] [info] ExtensionService#_doActivateExtension vscode.css-language-features {"startup":false,"activationEvent":"onLanguage:css"}
[2019-07-29 15:46:48.814] [exthost] [info] ExtensionService#loadCommonJSModule /Applications/Visual Studio Code.app/Contents/Resources/app/extensions/css-language-features/client/dist/cssMain
