[2019-08-01 22:59:15.204] [exthost] [info] extension host started
[2019-08-01 22:59:15.223] [exthost] [info] ExtensionService#_doActivateExtension vscode.debug-auto-launch {"startup":true,"activationEvent":"*"}
[2019-08-01 22:59:15.223] [exthost] [info] ExtensionService#loadCommonJSModule /Applications/Visual Studio Code.app/Contents/Resources/app/extensions/debug-auto-launch/dist/extension
[2019-08-01 22:59:15.225] [exthost] [info] ExtensionService#_doActivateExtension vscode.emmet {"startup":true,"activationEvent":"*"}
[2019-08-01 22:59:15.225] [exthost] [info] ExtensionService#loadCommonJSModule /Applications/Visual Studio Code.app/Contents/Resources/app/extensions/emmet/dist/extension
[2019-08-01 22:59:15.229] [exthost] [info] ExtensionService#_doActivateExtension vscode.git {"startup":true,"activationEvent":"*"}
[2019-08-01 22:59:15.229] [exthost] [info] ExtensionService#loadCommonJSModule /Applications/Visual Studio Code.app/Contents/Resources/app/extensions/git/dist/main
[2019-08-01 22:59:15.250] [exthost] [info] ExtensionService#_doActivateExtension vscode.merge-conflict {"startup":true,"activationEvent":"*"}
[2019-08-01 22:59:15.250] [exthost] [info] ExtensionService#loadCommonJSModule /Applications/Visual Studio Code.app/Contents/Resources/app/extensions/merge-conflict/dist/extension
[2019-08-01 22:59:15.252] [exthost] [info] ExtensionService#_doActivateExtension EditorConfig.EditorConfig {"startup":true,"activationEvent":"*"}
[2019-08-01 22:59:15.252] [exthost] [info] ExtensionService#loadCommonJSModule /Users/amy/.vscode/extensions/editorconfig.editorconfig-0.13.0/out/src/editorConfigMain
[2019-08-01 22:59:15.267] [exthost] [info] ExtensionService#_doActivateExtension esbenp.prettier-vscode {"startup":true,"activationEvent":"*"}
[2019-08-01 22:59:15.267] [exthost] [info] ExtensionService#loadCommonJSModule /Users/amy/.vscode/extensions/esbenp.prettier-vscode-1.9.0/out/src/extension
[2019-08-01 22:59:15.324] [exthost] [info] ExtensionService#_doActivateExtension johnpapa.vscode-peacock {"startup":true,"activationEvent":"*"}
[2019-08-01 22:59:15.324] [exthost] [info] ExtensionService#loadCommonJSModule /Users/amy/.vscode/extensions/johnpapa.vscode-peacock-3.0.0/dist/extension
[2019-08-01 22:59:15.342] [exthost] [info] ExtensionService#_doActivateExtension nrwl.angular-console {"startup":true,"activationEvent":"*"}
[2019-08-01 22:59:15.342] [exthost] [info] ExtensionService#loadCommonJSModule /Users/amy/.vscode/extensions/nrwl.angular-console-8.0.10/main.js
[2019-08-01 22:59:15.348] [exthost] [info] ExtensionService#_doActivateExtension PKief.material-icon-theme {"startup":true,"activationEvent":"*"}
[2019-08-01 22:59:15.348] [exthost] [info] ExtensionService#loadCommonJSModule /Users/amy/.vscode/extensions/pkief.material-icon-theme-3.8.1/dist/extension
[2019-08-01 22:59:15.355] [exthost] [info] eager extensions activated
[2019-08-01 22:59:15.499] [exthost] [info] ExtensionService#_doActivateExtension vscode.configuration-editing {"startup":false,"activationEvent":"onLanguage:jsonc"}
[2019-08-01 22:59:15.499] [exthost] [info] ExtensionService#loadCommonJSModule /Applications/Visual Studio Code.app/Contents/Resources/app/extensions/configuration-editing/dist/extension
[2019-08-01 22:59:15.506] [exthost] [info] ExtensionService#_doActivateExtension vscode.json-language-features {"startup":false,"activationEvent":"onLanguage:jsonc"}
[2019-08-01 22:59:15.506] [exthost] [info] ExtensionService#loadCommonJSModule /Applications/Visual Studio Code.app/Contents/Resources/app/extensions/json-language-features/client/dist/jsonMain
[2019-08-01 22:59:15.534] [exthost] [info] ExtensionService#_doActivateExtension vscode.typescript-language-features {"startup":false,"activationEvent":"onLanguage:jsonc"}
[2019-08-01 22:59:15.534] [exthost] [info] ExtensionService#loadCommonJSModule /Applications/Visual Studio Code.app/Contents/Resources/app/extensions/typescript-language-features/dist/extension
[2019-08-01 22:59:19.286] [exthost] [info] extension host started
[2019-08-01 22:59:19.343] [exthost] [info] ExtensionService#_doActivateExtension vscode.extension-editing {"startup":false,"activationEvent":"onLanguage:typescript"}
[2019-08-01 22:59:19.343] [exthost] [info] ExtensionService#loadCommonJSModule /Applications/Visual Studio Code.app/Contents/Resources/app/extensions/extension-editing/dist/extension
[2019-08-01 22:59:19.352] [exthost] [info] ExtensionService#_doActivateExtension vscode.typescript-language-features {"startup":false,"activationEvent":"onLanguage:typescript"}
[2019-08-01 22:59:19.353] [exthost] [info] ExtensionService#loadCommonJSModule /Applications/Visual Studio Code.app/Contents/Resources/app/extensions/typescript-language-features/dist/extension
[2019-08-01 22:59:19.373] [exthost] [info] ExtensionService#_doActivateExtension Angular.ng-template {"startup":false,"activationEvent":"onLanguage:typescript"}
[2019-08-01 22:59:19.373] [exthost] [info] ExtensionService#loadCommonJSModule /Users/amy/.vscode/extensions/angular.ng-template-0.801.1/out/extension
[2019-08-01 22:59:19.419] [exthost] [info] ExtensionService#_doActivateExtension ms-vscode.vscode-typescript-tslint-plugin {"startup":false,"activationEvent":"onLanguage:typescript"}
[2019-08-01 22:59:19.419] [exthost] [info] ExtensionService#loadCommonJSModule /Users/amy/.vscode/extensions/ms-vscode.vscode-typescript-tslint-plugin-1.2.2/out/index.js
[2019-08-01 22:59:19.422] [exthost] [info] ExtensionService#_doActivateExtension natewallace.angular2-inline {"startup":false,"activationEvent":"onLanguage:typescript"}
[2019-08-01 22:59:19.422] [exthost] [info] ExtensionService#loadCommonJSModule /Users/amy/.vscode/extensions/natewallace.angular2-inline-0.0.17/src/main
[2019-08-01 22:59:19.436] [exthost] [info] ExtensionService#_doActivateExtension vscode.debug-auto-launch {"startup":true,"activationEvent":"*"}
[2019-08-01 22:59:19.436] [exthost] [info] ExtensionService#loadCommonJSModule /Applications/Visual Studio Code.app/Contents/Resources/app/extensions/debug-auto-launch/dist/extension
[2019-08-01 22:59:19.437] [exthost] [info] ExtensionService#_doActivateExtension vscode.emmet {"startup":true,"activationEvent":"*"}
[2019-08-01 22:59:19.437] [exthost] [info] ExtensionService#loadCommonJSModule /Applications/Visual Studio Code.app/Contents/Resources/app/extensions/emmet/dist/extension
[2019-08-01 22:59:19.440] [exthost] [info] ExtensionService#_doActivateExtension vscode.git {"startup":true,"activationEvent":"*"}
[2019-08-01 22:59:19.440] [exthost] [info] ExtensionService#loadCommonJSModule /Applications/Visual Studio Code.app/Contents/Resources/app/extensions/git/dist/main
[2019-08-01 22:59:19.463] [exthost] [info] ExtensionService#_doActivateExtension vscode.merge-conflict {"startup":true,"activationEvent":"*"}
[2019-08-01 22:59:19.463] [exthost] [info] ExtensionService#loadCommonJSModule /Applications/Visual Studio Code.app/Contents/Resources/app/extensions/merge-conflict/dist/extension
[2019-08-01 22:59:19.465] [exthost] [info] ExtensionService#_doActivateExtension EditorConfig.EditorConfig {"startup":true,"activationEvent":"*"}
[2019-08-01 22:59:19.465] [exthost] [info] ExtensionService#loadCommonJSModule /Users/amy/.vscode/extensions/editorconfig.editorconfig-0.13.0/out/src/editorConfigMain
[2019-08-01 22:59:19.500] [exthost] [info] ExtensionService#_doActivateExtension esbenp.prettier-vscode {"startup":true,"activationEvent":"*"}
[2019-08-01 22:59:19.500] [exthost] [info] ExtensionService#loadCommonJSModule /Users/amy/.vscode/extensions/esbenp.prettier-vscode-1.9.0/out/src/extension
[2019-08-01 22:59:19.580] [exthost] [info] ExtensionService#_doActivateExtension johnpapa.vscode-peacock {"startup":true,"activationEvent":"*"}
[2019-08-01 22:59:19.580] [exthost] [info] ExtensionService#loadCommonJSModule /Users/amy/.vscode/extensions/johnpapa.vscode-peacock-3.0.0/dist/extension
[2019-08-01 22:59:19.604] [exthost] [info] ExtensionService#_doActivateExtension nrwl.angular-console {"startup":true,"activationEvent":"*"}
[2019-08-01 22:59:19.604] [exthost] [info] ExtensionService#loadCommonJSModule /Users/amy/.vscode/extensions/nrwl.angular-console-8.0.10/main.js
[2019-08-01 22:59:19.614] [exthost] [info] ExtensionService#_doActivateExtension PKief.material-icon-theme {"startup":true,"activationEvent":"*"}
[2019-08-01 22:59:19.614] [exthost] [info] ExtensionService#loadCommonJSModule /Users/amy/.vscode/extensions/pkief.material-icon-theme-3.8.1/dist/extension
[2019-08-01 22:59:21.490] [exthost] [info] eager extensions activated
[2019-08-01 22:59:21.890] [exthost] [info] ExtensionService#_doActivateExtension vscode.configuration-editing {"startup":false,"activationEvent":"onLanguage:jsonc"}
[2019-08-01 22:59:21.890] [exthost] [info] ExtensionService#loadCommonJSModule /Applications/Visual Studio Code.app/Contents/Resources/app/extensions/configuration-editing/dist/extension
[2019-08-01 22:59:21.895] [exthost] [info] ExtensionService#_doActivateExtension vscode.json-language-features {"startup":false,"activationEvent":"onLanguage:jsonc"}
[2019-08-01 22:59:21.895] [exthost] [info] ExtensionService#loadCommonJSModule /Applications/Visual Studio Code.app/Contents/Resources/app/extensions/json-language-features/client/dist/jsonMain
