Initializing document watcher...
Detected change in configuration: {}
atypikhouse-app/src/app/header/header.component.html: {"insertSpaces":true,"tabSize":2}
atypikhouse-app/src/app/header/header.component.html: {"insertSpaces":true,"tabSize":2}
atypikhouse-app/services/api.service.ts: {"insertSpaces":true,"tabSize":2}
atypikhouse-app/services/api.service.ts: {"insertSpaces":true,"tabSize":2}
atypikhouse-app/services/api.service.ts: Using EditorConfig core...
services/api.service.ts: editor.action.trimTrailingWhitespace
atypikhouse-app/services/api.service.ts: Using EditorConfig core...
services/api.service.ts: editor.action.trimTrailingWhitespace
atypikhouse-app/services/api.service.ts: {"insertSpaces":true,"tabSize":2}
atypikhouse-app/services/api.service.ts: Using EditorConfig core...
services/api.service.ts: editor.action.trimTrailingWhitespace
atypikhouse-app/services/api.service.ts: {"insertSpaces":true,"tabSize":2}
atypikhouse-app/services/api.service.ts: {"insertSpaces":true,"tabSize":2}
atypikhouse-app/services/api.service.ts: Using EditorConfig core...
services/api.service.ts: editor.action.trimTrailingWhitespace
atypikhouse-app/services/api.service.ts: Using EditorConfig core...
services/api.service.ts: editor.action.trimTrailingWhitespace
atypikhouse-app/services/api.service.ts: {"insertSpaces":true,"tabSize":2}
atypikhouse-app/services/api.service.ts: Using EditorConfig core...
services/api.service.ts: editor.action.trimTrailingWhitespace
atypikhouse-app/services/api.service.ts: {"insertSpaces":true,"tabSize":2}
atypikhouse-app/src/app/header/header.component.html: {"insertSpaces":true,"tabSize":2}
atypikhouse-app/src/app/header/header.component.css: {"insertSpaces":true,"tabSize":2}
atypikhouse-app/src/app/header/header.component.css: Using EditorConfig core...
src/app/header/header.component.css: editor.action.trimTrailingWhitespace
src/app/header/header.component.css: insertFinalNewline(LF)
atypikhouse-app/src/app/header/header.component.css: {"insertSpaces":true,"tabSize":2}
atypikhouse-app/src/app/header/header.component.html: Using EditorConfig core...
atypikhouse-app/src/app/header/header.component.css: Using EditorConfig core...
Detected change in configuration: {}
src/app/header/header.component.html: trimTrailingWhitespace()
src/app/header/header.component.css: editor.action.trimTrailingWhitespace
atypikhouse-app/src/app/header/header.component.css: Using EditorConfig core...
src/app/header/header.component.css: editor.action.trimTrailingWhitespace
atypikhouse-app/src/app/header/header.component.css: Using EditorConfig core...
src/app/header/header.component.css: editor.action.trimTrailingWhitespace
atypikhouse-app/src/app/header/header.component.css: Using EditorConfig core...
src/app/header/header.component.css: editor.action.trimTrailingWhitespace
atypikhouse-app/src/app/header/header.component.css: Using EditorConfig core...
src/app/header/header.component.css: editor.action.trimTrailingWhitespace
atypikhouse-app/src/app/header/header.component.css: {"insertSpaces":true,"tabSize":2}
atypikhouse-app/src/app/header/header.component.html: {"insertSpaces":true,"tabSize":2}
atypikhouse-app/src/app/header/header.component.html: Using EditorConfig core...
src/app/header/header.component.html: editor.action.trimTrailingWhitespace
atypikhouse-app/src/app/header/header.component.html: Using EditorConfig core...
src/app/header/header.component.html: editor.action.trimTrailingWhitespace
atypikhouse-app/src/app/header/header.component.html: Using EditorConfig core...
src/app/header/header.component.html: editor.action.trimTrailingWhitespace
atypikhouse-app/src/app/header/header.component.html: Using EditorConfig core...
src/app/header/header.component.html: editor.action.trimTrailingWhitespace
atypikhouse-app/src/app/header/header.component.html: Using EditorConfig core...
src/app/header/header.component.html: editor.action.trimTrailingWhitespace
atypikhouse-app/src/app/header/header.component.html: {"insertSpaces":true,"tabSize":2}
atypikhouse-app/src/app/header/header.component.html: Using EditorConfig core...
src/app/header/header.component.html: editor.action.trimTrailingWhitespace
atypikhouse-app/src/app/header/header.component.html: Using EditorConfig core...
src/app/header/header.component.html: editor.action.trimTrailingWhitespace
atypikhouse-app/src/app/header/header.component.html: Using EditorConfig core...
src/app/header/header.component.html: editor.action.trimTrailingWhitespace
atypikhouse-app/src/app/header/header.component.html: Using EditorConfig core...
src/app/header/header.component.html: editor.action.trimTrailingWhitespace
atypikhouse-app/src/app/header/header.component.css: {"insertSpaces":true,"tabSize":2}
atypikhouse-app/src/app/header/header.component.css: Using EditorConfig core...
src/app/header/header.component.css: editor.action.trimTrailingWhitespace
atypikhouse-app/src/app/header/header.component.css: Using EditorConfig core...
src/app/header/header.component.css: editor.action.trimTrailingWhitespace
atypikhouse-app/src/app/header/header.component.css: Using EditorConfig core...
src/app/header/header.component.css: editor.action.trimTrailingWhitespace
atypikhouse-app/src/app/header/header.component.css: Using EditorConfig core...
src/app/header/header.component.css: editor.action.trimTrailingWhitespace
atypikhouse-app/src/app/header/header.component.css: Using EditorConfig core...
src/app/header/header.component.css: editor.action.trimTrailingWhitespace
atypikhouse-app/src/app/header/header.component.css: Using EditorConfig core...
src/app/header/header.component.css: editor.action.trimTrailingWhitespace
atypikhouse-app/src/app/header/header.component.css: Using EditorConfig core...
src/app/header/header.component.css: editor.action.trimTrailingWhitespace
atypikhouse-app/src/app/header/header.component.css: Using EditorConfig core...
src/app/header/header.component.css: editor.action.trimTrailingWhitespace
atypikhouse-app/src/app/header/header.component.css: {"insertSpaces":true,"tabSize":2}
atypikhouse-app/src/app/header/header.component.css: Using EditorConfig core...
src/app/header/header.component.css: editor.action.trimTrailingWhitespace
atypikhouse-app/src/app/header/header.component.css: Using EditorConfig core...
src/app/header/header.component.css: editor.action.trimTrailingWhitespace
atypikhouse-app/src/app/header/header.component.css: Using EditorConfig core...
src/app/header/header.component.css: editor.action.trimTrailingWhitespace
atypikhouse-app/src/app/header/header.component.css: Using EditorConfig core...
src/app/header/header.component.css: editor.action.trimTrailingWhitespace
atypikhouse-app/src/app/header/header.component.css: Using EditorConfig core...
src/app/header/header.component.css: editor.action.trimTrailingWhitespace
atypikhouse-app/src/app/header/header.component.css: Using EditorConfig core...
src/app/header/header.component.css: editor.action.trimTrailingWhitespace
atypikhouse-app/src/app/header/header.component.css: Using EditorConfig core...
src/app/header/header.component.css: editor.action.trimTrailingWhitespace
atypikhouse-app/src/app/header/header.component.css: Using EditorConfig core...
src/app/header/header.component.css: editor.action.trimTrailingWhitespace
atypikhouse-app/src/app/header/header.component.css: {"insertSpaces":true,"tabSize":2}
atypikhouse-app/src/app/home/home.component.html: {"insertSpaces":true,"tabSize":2}
atypikhouse-app/src/app/home/home.component.ts: {"insertSpaces":true,"tabSize":2}
atypikhouse-app/src/app/register/register.component.ts: {"insertSpaces":true,"tabSize":2}
atypikhouse-app/src/app/register/register.component.ts: Using EditorConfig core...
src/app/register/register.component.ts: editor.action.trimTrailingWhitespace
atypikhouse-app/src/app/home/home.component.ts: {"insertSpaces":true,"tabSize":2}
atypikhouse-app/src/app/home/home.component.ts: Using EditorConfig core...
src/app/home/home.component.ts: editor.action.trimTrailingWhitespace
atypikhouse-app/src/app/home/home.component.ts: Using EditorConfig core...
src/app/home/home.component.ts: editor.action.trimTrailingWhitespace
atypikhouse-app/src/app/register/register.component.ts: {"insertSpaces":true,"tabSize":2}
atypikhouse-app/src/app/home/home.component.ts: {"insertSpaces":true,"tabSize":2}
atypikhouse-app/src/app/home/home.component.ts: Using EditorConfig core...
src/app/home/home.component.ts: editor.action.trimTrailingWhitespace
atypikhouse-app/src/app/home/home.component.ts: Using EditorConfig core...
src/app/home/home.component.ts: editor.action.trimTrailingWhitespace
atypikhouse-app/src/app/home/home.component.ts: Using EditorConfig core...
src/app/home/home.component.ts: editor.action.trimTrailingWhitespace
atypikhouse-app/src/app/home/home.component.ts: Using EditorConfig core...
src/app/home/home.component.ts: editor.action.trimTrailingWhitespace
atypikhouse-app/src/app/home/home.component.ts: {"insertSpaces":true,"tabSize":2}
atypikhouse-app/src/app/home/home.component.ts: {"insertSpaces":true,"tabSize":2}
atypikhouse-app/services/api.service.ts: {"insertSpaces":true,"tabSize":2}
atypikhouse-app/services/api.service.ts: Using EditorConfig core...
services/api.service.ts: editor.action.trimTrailingWhitespace
atypikhouse-app/services/api.service.ts: Using EditorConfig core...
services/api.service.ts: editor.action.trimTrailingWhitespace
atypikhouse-app/services/api.service.ts: Using EditorConfig core...
services/api.service.ts: editor.action.trimTrailingWhitespace
atypikhouse-app/src/app/home/home.component.ts: {"insertSpaces":true,"tabSize":2}
atypikhouse-app/src/app/home/home.component.ts: Using EditorConfig core...
src/app/home/home.component.ts: editor.action.trimTrailingWhitespace
atypikhouse-app/src/app/home/home.component.ts: Using EditorConfig core...
src/app/home/home.component.ts: editor.action.trimTrailingWhitespace
atypikhouse-app/src/app/home/home.component.ts: Using EditorConfig core...
src/app/home/home.component.ts: editor.action.trimTrailingWhitespace
atypikhouse-app/src/app/home/home.component.ts: Using EditorConfig core...
src/app/home/home.component.ts: editor.action.trimTrailingWhitespace
atypikhouse-app/src/app/home/home.component.ts: Using EditorConfig core...
src/app/home/home.component.ts: editor.action.trimTrailingWhitespace
atypikhouse-app/src/app/home/home.component.ts: Using EditorConfig core...
src/app/home/home.component.ts: editor.action.trimTrailingWhitespace
atypikhouse-app/src/app/home/home.component.ts: Using EditorConfig core...
src/app/home/home.component.ts: editor.action.trimTrailingWhitespace
atypikhouse-app/src/app/home/home.component.ts: Using EditorConfig core...
src/app/home/home.component.ts: editor.action.trimTrailingWhitespace
atypikhouse-app/src/app/home/home.component.ts: Using EditorConfig core...
src/app/home/home.component.ts: editor.action.trimTrailingWhitespace
atypikhouse-app/src/app/home/home.component.ts: Using EditorConfig core...
src/app/home/home.component.ts: editor.action.trimTrailingWhitespace
atypikhouse-app/src/app/home/home.component.ts: Using EditorConfig core...
src/app/home/home.component.ts: editor.action.trimTrailingWhitespace
atypikhouse-app/services/api.service.ts: {"insertSpaces":true,"tabSize":2}
atypikhouse-app/src/app/register/register.component.ts: {"insertSpaces":true,"tabSize":2}
atypikhouse-app/src/app/home/home.component.ts: {"insertSpaces":true,"tabSize":2}
atypikhouse-app/src/app/home/home.component.ts: Using EditorConfig core...
src/app/home/home.component.ts: editor.action.trimTrailingWhitespace
atypikhouse-app/src/app/home/home.component.ts: Using EditorConfig core...
src/app/home/home.component.ts: editor.action.trimTrailingWhitespace
atypikhouse-app/src/app/home/home.component.ts: {"insertSpaces":true,"tabSize":2}
atypikhouse-app/services/api.service.ts: {"insertSpaces":true,"tabSize":2}
atypikhouse-app/services/api.service.ts: {"insertSpaces":true,"tabSize":2}
atypikhouse-app/src/app/home/home.component.ts: {"insertSpaces":true,"tabSize":2}
atypikhouse-app/src/app/home/home.component.ts: Using EditorConfig core...
src/app/home/home.component.ts: editor.action.trimTrailingWhitespace
atypikhouse-app/src/app/home/home.component.ts: Using EditorConfig core...
src/app/home/home.component.ts: editor.action.trimTrailingWhitespace
atypikhouse-app/src/app/home/home.component.ts: Using EditorConfig core...
src/app/home/home.component.ts: editor.action.trimTrailingWhitespace
atypikhouse-app/src/app/home/home.component.ts: Using EditorConfig core...
src/app/home/home.component.ts: editor.action.trimTrailingWhitespace
atypikhouse-app/src/app/home/home.component.ts: Using EditorConfig core...
src/app/home/home.component.ts: editor.action.trimTrailingWhitespace
atypikhouse-app/src/app/home/home.component.ts: Using EditorConfig core...
src/app/home/home.component.ts: editor.action.trimTrailingWhitespace
atypikhouse-app/src/app/home/home.component.ts: Using EditorConfig core...
src/app/home/home.component.ts: editor.action.trimTrailingWhitespace
atypikhouse-app/src/app/home/home.component.ts: Using EditorConfig core...
src/app/home/home.component.ts: editor.action.trimTrailingWhitespace
atypikhouse-app/src/app/home/home.component.ts: Using EditorConfig core...
src/app/home/home.component.ts: editor.action.trimTrailingWhitespace
atypikhouse-app/src/app/home/home.component.ts: Using EditorConfig core...
src/app/home/home.component.ts: editor.action.trimTrailingWhitespace
atypikhouse-app/src/app/home/home.component.ts: Using EditorConfig core...
src/app/home/home.component.ts: editor.action.trimTrailingWhitespace
atypikhouse-app/src/app/home/home.component.ts: Using EditorConfig core...
src/app/home/home.component.ts: editor.action.trimTrailingWhitespace
atypikhouse-app/src/app/home/home.component.ts: Using EditorConfig core...
src/app/home/home.component.ts: editor.action.trimTrailingWhitespace
atypikhouse-app/src/app/home/home.component.ts: Using EditorConfig core...
src/app/home/home.component.ts: editor.action.trimTrailingWhitespace
atypikhouse-app/src/app/home/home.component.ts: Using EditorConfig core...
src/app/home/home.component.ts: editor.action.trimTrailingWhitespace
atypikhouse-app/src/app/home/home.component.ts: Using EditorConfig core...
src/app/home/home.component.ts: editor.action.trimTrailingWhitespace
atypikhouse-app/src/app/home/home.component.ts: Using EditorConfig core...
src/app/home/home.component.ts: editor.action.trimTrailingWhitespace
atypikhouse-app/src/app/home/home.component.ts: Using EditorConfig core...
src/app/home/home.component.ts: editor.action.trimTrailingWhitespace
atypikhouse-app/src/app/home/home.component.ts: Using EditorConfig core...
src/app/home/home.component.ts: editor.action.trimTrailingWhitespace
atypikhouse-app/src/app/home/home.component.ts: Using EditorConfig core...
src/app/home/home.component.ts: editor.action.trimTrailingWhitespace
atypikhouse-app/src/app/home/home.component.ts: Using EditorConfig core...
src/app/home/home.component.ts: editor.action.trimTrailingWhitespace
atypikhouse-app/src/app/home/home.component.ts: Using EditorConfig core...
src/app/home/home.component.ts: editor.action.trimTrailingWhitespace
atypikhouse-app/src/app/home/home.component.ts: Using EditorConfig core...
src/app/home/home.component.ts: editor.action.trimTrailingWhitespace
atypikhouse-app/src/app/home/home.component.ts: Using EditorConfig core...
src/app/home/home.component.ts: editor.action.trimTrailingWhitespace
atypikhouse-app/src/app/home/home.component.ts: Using EditorConfig core...
src/app/home/home.component.ts: editor.action.trimTrailingWhitespace
atypikhouse-app/src/app/home/home.component.ts: Using EditorConfig core...
src/app/home/home.component.ts: editor.action.trimTrailingWhitespace
atypikhouse-app/src/app/home/home.component.ts: Using EditorConfig core...
src/app/home/home.component.ts: editor.action.trimTrailingWhitespace
atypikhouse-app/src/app/home/home.component.ts: Using EditorConfig core...
src/app/home/home.component.ts: editor.action.trimTrailingWhitespace
atypikhouse-app/src/app/home/home.component.ts: Using EditorConfig core...
src/app/home/home.component.ts: editor.action.trimTrailingWhitespace
atypikhouse-app/src/app/home/home.component.ts: {"insertSpaces":true,"tabSize":2}
atypikhouse-app/services/api.service.ts: {"insertSpaces":true,"tabSize":2}
atypikhouse-app/services/api.service.ts: Using EditorConfig core...
services/api.service.ts: editor.action.trimTrailingWhitespace
atypikhouse-app/services/api.service.ts: Using EditorConfig core...
services/api.service.ts: editor.action.trimTrailingWhitespace
atypikhouse-app/services/api.service.ts: Using EditorConfig core...
services/api.service.ts: editor.action.trimTrailingWhitespace
atypikhouse-app/services/api.service.ts: Using EditorConfig core...
services/api.service.ts: editor.action.trimTrailingWhitespace
atypikhouse-app/services/api.service.ts: {"insertSpaces":true,"tabSize":2}
atypikhouse-app/services/api.service.ts: Using EditorConfig core...
services/api.service.ts: editor.action.trimTrailingWhitespace
atypikhouse-app/services/api.service.ts: Using EditorConfig core...
services/api.service.ts: editor.action.trimTrailingWhitespace
atypikhouse-app/services/api.service.ts: Using EditorConfig core...
services/api.service.ts: editor.action.trimTrailingWhitespace
atypikhouse-app/services/api.service.ts: {"insertSpaces":true,"tabSize":2}
atypikhouse-app/services/api.service.ts: Using EditorConfig core...
services/api.service.ts: editor.action.trimTrailingWhitespace
atypikhouse-app/services/api.service.ts: Using EditorConfig core...
services/api.service.ts: editor.action.trimTrailingWhitespace
atypikhouse-app/services/api.service.ts: {"insertSpaces":true,"tabSize":2}
atypikhouse-app/services/api.service.ts: Using EditorConfig core...
services/api.service.ts: editor.action.trimTrailingWhitespace
atypikhouse-app/services/api.service.ts: Using EditorConfig core...
services/api.service.ts: editor.action.trimTrailingWhitespace
atypikhouse-app/services/api.service.ts: Using EditorConfig core...
services/api.service.ts: editor.action.trimTrailingWhitespace
atypikhouse-app/services/api.service.ts: Using EditorConfig core...
services/api.service.ts: editor.action.trimTrailingWhitespace
atypikhouse-app/services/api.service.ts: Using EditorConfig core...
services/api.service.ts: editor.action.trimTrailingWhitespace
atypikhouse-app/services/api.service.ts: Using EditorConfig core...
services/api.service.ts: editor.action.trimTrailingWhitespace
atypikhouse-app/services/api.service.ts: Using EditorConfig core...
services/api.service.ts: editor.action.trimTrailingWhitespace
atypikhouse-app/services/api.service.ts: {"insertSpaces":true,"tabSize":2}
atypikhouse-app/services/api.service.ts: Using EditorConfig core...
services/api.service.ts: editor.action.trimTrailingWhitespace
atypikhouse-app/services/api.service.ts: Using EditorConfig core...
services/api.service.ts: editor.action.trimTrailingWhitespace
atypikhouse-app/services/api.service.ts: Using EditorConfig core...
services/api.service.ts: editor.action.trimTrailingWhitespace
atypikhouse-app/services/api.service.ts: Using EditorConfig core...
services/api.service.ts: editor.action.trimTrailingWhitespace
atypikhouse-app/services/api.service.ts: Using EditorConfig core...
services/api.service.ts: editor.action.trimTrailingWhitespace
atypikhouse-app/services/api.service.ts: Using EditorConfig core...
services/api.service.ts: editor.action.trimTrailingWhitespace
atypikhouse-app/services/api.service.ts: Using EditorConfig core...
services/api.service.ts: editor.action.trimTrailingWhitespace
atypikhouse-app/services/api.service.ts: {"insertSpaces":true,"tabSize":2}
atypikhouse-app/services/api.service.ts: Using EditorConfig core...
services/api.service.ts: editor.action.trimTrailingWhitespace
atypikhouse-app/services/api.service.ts: {"insertSpaces":true,"tabSize":2}
atypikhouse-app/services/api.service.ts: Using EditorConfig core...
services/api.service.ts: editor.action.trimTrailingWhitespace
atypikhouse-app/services/api.service.ts: Using EditorConfig core...
services/api.service.ts: editor.action.trimTrailingWhitespace
atypikhouse-app/services/api.service.ts: Using EditorConfig core...
services/api.service.ts: editor.action.trimTrailingWhitespace
atypikhouse-app/services/api.service.ts: Using EditorConfig core...
services/api.service.ts: editor.action.trimTrailingWhitespace
atypikhouse-app/services/api.service.ts: {"insertSpaces":true,"tabSize":2}
atypikhouse-app/services/api.service.ts: {"insertSpaces":true,"tabSize":2}
atypikhouse-app/services/api.service.ts: Using EditorConfig core...
services/api.service.ts: editor.action.trimTrailingWhitespace
atypikhouse-app/services/api.service.ts: Using EditorConfig core...
services/api.service.ts: editor.action.trimTrailingWhitespace
atypikhouse-app/services/api.service.ts: Using EditorConfig core...
services/api.service.ts: editor.action.trimTrailingWhitespace
atypikhouse-app/services/api.service.ts: Using EditorConfig core...
services/api.service.ts: editor.action.trimTrailingWhitespace
atypikhouse-app/services/api.service.ts: Using EditorConfig core...
services/api.service.ts: editor.action.trimTrailingWhitespace
atypikhouse-app/services/api.service.ts: {"insertSpaces":true,"tabSize":2}
atypikhouse-app/services/api.service.ts: Using EditorConfig core...
services/api.service.ts: editor.action.trimTrailingWhitespace
atypikhouse-app/services/api.service.ts: {"insertSpaces":true,"tabSize":2}
atypikhouse-app/services/api.service.ts: Using EditorConfig core...
services/api.service.ts: editor.action.trimTrailingWhitespace
atypikhouse-app/services/api.service.ts: Using EditorConfig core...
services/api.service.ts: editor.action.trimTrailingWhitespace
atypikhouse-app/services/api.service.ts: Using EditorConfig core...
services/api.service.ts: editor.action.trimTrailingWhitespace
atypikhouse-app/services/api.service.ts: Using EditorConfig core...
services/api.service.ts: editor.action.trimTrailingWhitespace
atypikhouse-app/services/api.service.ts: Using EditorConfig core...
services/api.service.ts: editor.action.trimTrailingWhitespace
atypikhouse-app/services/api.service.ts: Using EditorConfig core...
services/api.service.ts: editor.action.trimTrailingWhitespace
atypikhouse-app/services/api.service.ts: Using EditorConfig core...
services/api.service.ts: editor.action.trimTrailingWhitespace
atypikhouse-app/services/api.service.ts: Using EditorConfig core...
services/api.service.ts: editor.action.trimTrailingWhitespace
atypikhouse-app/services/api.service.ts: Using EditorConfig core...
services/api.service.ts: editor.action.trimTrailingWhitespace
atypikhouse-app/services/api.service.ts: Using EditorConfig core...
services/api.service.ts: editor.action.trimTrailingWhitespace
atypikhouse-app/services/api.service.ts: Using EditorConfig core...
services/api.service.ts: editor.action.trimTrailingWhitespace
atypikhouse-app/services/api.service.ts: Using EditorConfig core...
services/api.service.ts: editor.action.trimTrailingWhitespace
atypikhouse-app/services/api.service.ts: Using EditorConfig core...
services/api.service.ts: editor.action.trimTrailingWhitespace
atypikhouse-app/services/api.service.ts: Using EditorConfig core...
services/api.service.ts: editor.action.trimTrailingWhitespace
atypikhouse-app/services/api.service.ts: Using EditorConfig core...
services/api.service.ts: editor.action.trimTrailingWhitespace
atypikhouse-app/services/api.service.ts: Using EditorConfig core...
services/api.service.ts: editor.action.trimTrailingWhitespace
atypikhouse-app/services/api.service.ts: Using EditorConfig core...
services/api.service.ts: editor.action.trimTrailingWhitespace
atypikhouse-app/services/api.service.ts: Using EditorConfig core...
services/api.service.ts: editor.action.trimTrailingWhitespace
atypikhouse-app/services/api.service.ts: Using EditorConfig core...
services/api.service.ts: editor.action.trimTrailingWhitespace
atypikhouse-app/services/api.service.ts: Using EditorConfig core...
services/api.service.ts: editor.action.trimTrailingWhitespace
atypikhouse-app/services/api.service.ts: Using EditorConfig core...
services/api.service.ts: editor.action.trimTrailingWhitespace
atypikhouse-app/services/api.service.ts: Using EditorConfig core...
services/api.service.ts: editor.action.trimTrailingWhitespace
atypikhouse-app/services/api.service.ts: Using EditorConfig core...
services/api.service.ts: editor.action.trimTrailingWhitespace
atypikhouse-app/services/api.service.ts: Using EditorConfig core...
services/api.service.ts: editor.action.trimTrailingWhitespace
atypikhouse-app/services/api.service.ts: Using EditorConfig core...
services/api.service.ts: editor.action.trimTrailingWhitespace
atypikhouse-app/services/api.service.ts: Using EditorConfig core...
services/api.service.ts: editor.action.trimTrailingWhitespace
atypikhouse-app/services/api.service.ts: Using EditorConfig core...
services/api.service.ts: editor.action.trimTrailingWhitespace
atypikhouse-app/services/api.service.ts: Using EditorConfig core...
services/api.service.ts: editor.action.trimTrailingWhitespace
atypikhouse-app/services/api.service.ts: Using EditorConfig core...
services/api.service.ts: editor.action.trimTrailingWhitespace
atypikhouse-app/services/api.service.ts: Using EditorConfig core...
services/api.service.ts: editor.action.trimTrailingWhitespace
atypikhouse-app/services/api.service.ts: Using EditorConfig core...
services/api.service.ts: editor.action.trimTrailingWhitespace
atypikhouse-app/services/api.service.ts: Using EditorConfig core...
services/api.service.ts: editor.action.trimTrailingWhitespace
atypikhouse-app/services/api.service.ts: Using EditorConfig core...
services/api.service.ts: editor.action.trimTrailingWhitespace
atypikhouse-app/services/api.service.ts: Using EditorConfig core...
services/api.service.ts: editor.action.trimTrailingWhitespace
atypikhouse-app/services/api.service.ts: Using EditorConfig core...
services/api.service.ts: editor.action.trimTrailingWhitespace
atypikhouse-app/services/api.service.ts: Using EditorConfig core...
services/api.service.ts: editor.action.trimTrailingWhitespace
atypikhouse-app/services/api.service.ts: Using EditorConfig core...
services/api.service.ts: editor.action.trimTrailingWhitespace
atypikhouse-app/services/api.service.ts: Using EditorConfig core...
services/api.service.ts: editor.action.trimTrailingWhitespace
atypikhouse-app/services/api.service.ts: Using EditorConfig core...
services/api.service.ts: editor.action.trimTrailingWhitespace
atypikhouse-app/services/api.service.ts: Using EditorConfig core...
services/api.service.ts: editor.action.trimTrailingWhitespace
atypikhouse-app/services/api.service.ts: Using EditorConfig core...
services/api.service.ts: editor.action.trimTrailingWhitespace
atypikhouse-app/services/api.service.ts: Using EditorConfig core...
services/api.service.ts: editor.action.trimTrailingWhitespace
atypikhouse-app/services/api.service.ts: Using EditorConfig core...
services/api.service.ts: editor.action.trimTrailingWhitespace
atypikhouse-app/services/api.service.ts: Using EditorConfig core...
services/api.service.ts: editor.action.trimTrailingWhitespace
atypikhouse-app/services/api.service.ts: Using EditorConfig core...
services/api.service.ts: editor.action.trimTrailingWhitespace
atypikhouse-app/services/api.service.ts: Using EditorConfig core...
services/api.service.ts: editor.action.trimTrailingWhitespace
atypikhouse-app/services/api.service.ts: Using EditorConfig core...
services/api.service.ts: editor.action.trimTrailingWhitespace
atypikhouse-app/services/api.service.ts: Using EditorConfig core...
services/api.service.ts: editor.action.trimTrailingWhitespace
atypikhouse-app/services/api.service.ts: Using EditorConfig core...
services/api.service.ts: editor.action.trimTrailingWhitespace
atypikhouse-app/services/api.service.ts: Using EditorConfig core...
services/api.service.ts: editor.action.trimTrailingWhitespace
atypikhouse-app/services/api.service.ts: {"insertSpaces":true,"tabSize":2}
atypikhouse-app/services/api.service.ts: Using EditorConfig core...
services/api.service.ts: editor.action.trimTrailingWhitespace
atypikhouse-app/services/api.service.ts: {"insertSpaces":true,"tabSize":2}
atypikhouse-app/services/api.service.ts: Using EditorConfig core...
services/api.service.ts: editor.action.trimTrailingWhitespace
atypikhouse-app/services/api.service.ts: Using EditorConfig core...
services/api.service.ts: editor.action.trimTrailingWhitespace
atypikhouse-app/services/api.service.ts: Using EditorConfig core...
services/api.service.ts: editor.action.trimTrailingWhitespace
atypikhouse-app/services/api.service.ts: Using EditorConfig core...
services/api.service.ts: editor.action.trimTrailingWhitespace
atypikhouse-app/services/api.service.ts: {"insertSpaces":true,"tabSize":2}
atypikhouse-app/services/api.service.ts: Using EditorConfig core...
services/api.service.ts: editor.action.trimTrailingWhitespace
atypikhouse-app/services/api.service.ts: Using EditorConfig core...
services/api.service.ts: editor.action.trimTrailingWhitespace
atypikhouse-app/services/api.service.ts: Using EditorConfig core...
services/api.service.ts: editor.action.trimTrailingWhitespace
atypikhouse-app/services/api.service.ts: {"insertSpaces":true,"tabSize":2}
atypikhouse-app/services/api.service.ts: Using EditorConfig core...
services/api.service.ts: editor.action.trimTrailingWhitespace
atypikhouse-app/services/api.service.ts: Using EditorConfig core...
services/api.service.ts: editor.action.trimTrailingWhitespace
atypikhouse-app/services/api.service.ts: Using EditorConfig core...
services/api.service.ts: editor.action.trimTrailingWhitespace
atypikhouse-app/services/api.service.ts: Using EditorConfig core...
services/api.service.ts: editor.action.trimTrailingWhitespace
atypikhouse-app/services/api.service.ts: Using EditorConfig core...
services/api.service.ts: editor.action.trimTrailingWhitespace
atypikhouse-app/services/api.service.ts: Using EditorConfig core...
services/api.service.ts: editor.action.trimTrailingWhitespace
atypikhouse-app/services/api.service.ts: Using EditorConfig core...
services/api.service.ts: editor.action.trimTrailingWhitespace
atypikhouse-app/services/api.service.ts: {"insertSpaces":true,"tabSize":2}
atypikhouse-app/services/api.service.ts: Using EditorConfig core...
services/api.service.ts: editor.action.trimTrailingWhitespace
atypikhouse-app/services/api.service.ts: {"insertSpaces":true,"tabSize":2}
atypikhouse-app/services/api.service.ts: {"insertSpaces":true,"tabSize":2}
atypikhouse-app/services/api.service.ts: Using EditorConfig core...
services/api.service.ts: editor.action.trimTrailingWhitespace
atypikhouse-app/services/api.service.ts: Using EditorConfig core...
services/api.service.ts: editor.action.trimTrailingWhitespace
atypikhouse-app/services/api.service.ts: Using EditorConfig core...
services/api.service.ts: editor.action.trimTrailingWhitespace
atypikhouse-app/services/api.service.ts: {"insertSpaces":true,"tabSize":2}
atypikhouse-app/services/api.service.ts: Using EditorConfig core...
services/api.service.ts: editor.action.trimTrailingWhitespace
atypikhouse-app/services/api.service.ts: Using EditorConfig core...
services/api.service.ts: editor.action.trimTrailingWhitespace
atypikhouse-app/services/api.service.ts: Using EditorConfig core...
services/api.service.ts: editor.action.trimTrailingWhitespace
atypikhouse-app/services/api.service.ts: Using EditorConfig core...
services/api.service.ts: editor.action.trimTrailingWhitespace
atypikhouse-app/services/api.service.ts: Using EditorConfig core...
services/api.service.ts: editor.action.trimTrailingWhitespace
atypikhouse-app/services/api.service.ts: Using EditorConfig core...
services/api.service.ts: editor.action.trimTrailingWhitespace
atypikhouse-app/services/api.service.ts: Using EditorConfig core...
services/api.service.ts: editor.action.trimTrailingWhitespace
atypikhouse-app/services/api.service.ts: Using EditorConfig core...
services/api.service.ts: editor.action.trimTrailingWhitespace
atypikhouse-app/services/api.service.ts: Using EditorConfig core...
services/api.service.ts: editor.action.trimTrailingWhitespace
atypikhouse-app/services/api.service.ts: Using EditorConfig core...
services/api.service.ts: editor.action.trimTrailingWhitespace
atypikhouse-app/services/api.service.ts: Using EditorConfig core...
services/api.service.ts: editor.action.trimTrailingWhitespace
atypikhouse-app/services/api.service.ts: Using EditorConfig core...
services/api.service.ts: editor.action.trimTrailingWhitespace
atypikhouse-app/services/api.service.ts: Using EditorConfig core...
services/api.service.ts: editor.action.trimTrailingWhitespace
atypikhouse-app/services/api.service.ts: Using EditorConfig core...
services/api.service.ts: editor.action.trimTrailingWhitespace
atypikhouse-app/services/api.service.ts: Using EditorConfig core...
services/api.service.ts: editor.action.trimTrailingWhitespace
atypikhouse-app/services/api.service.ts: Using EditorConfig core...
services/api.service.ts: editor.action.trimTrailingWhitespace
atypikhouse-app/services/api.service.ts: Using EditorConfig core...
services/api.service.ts: editor.action.trimTrailingWhitespace
atypikhouse-app/services/api.service.ts: {"insertSpaces":true,"tabSize":2}
atypikhouse-app/services/api.service.ts: Using EditorConfig core...
services/api.service.ts: editor.action.trimTrailingWhitespace
atypikhouse-app/services/api.service.ts: Using EditorConfig core...
services/api.service.ts: editor.action.trimTrailingWhitespace
atypikhouse-app/services/api.service.ts: Using EditorConfig core...
services/api.service.ts: editor.action.trimTrailingWhitespace
atypikhouse-app/services/api.service.ts: Using EditorConfig core...
services/api.service.ts: editor.action.trimTrailingWhitespace
atypikhouse-app/services/api.service.ts: Using EditorConfig core...
services/api.service.ts: editor.action.trimTrailingWhitespace
atypikhouse-app/services/api.service.ts: Using EditorConfig core...
services/api.service.ts: editor.action.trimTrailingWhitespace
atypikhouse-app/services/api.service.ts: {"insertSpaces":true,"tabSize":2}
atypikhouse-app/services/api.service.ts: {"insertSpaces":true,"tabSize":2}
atypikhouse-app/services/api.service.ts: Using EditorConfig core...
services/api.service.ts: editor.action.trimTrailingWhitespace
atypikhouse-app/services/api.service.ts: Using EditorConfig core...
services/api.service.ts: editor.action.trimTrailingWhitespace
atypikhouse-app/services/api.service.ts: Using EditorConfig core...
services/api.service.ts: editor.action.trimTrailingWhitespace
atypikhouse-app/services/api.service.ts: Using EditorConfig core...
services/api.service.ts: editor.action.trimTrailingWhitespace
atypikhouse-app/services/api.service.ts: {"insertSpaces":true,"tabSize":2}
atypikhouse-app/services/api.service.ts: Using EditorConfig core...
services/api.service.ts: editor.action.trimTrailingWhitespace
atypikhouse-app/services/api.service.ts: Using EditorConfig core...
services/api.service.ts: editor.action.trimTrailingWhitespace
atypikhouse-app/services/api.service.ts: {"insertSpaces":true,"tabSize":2}
atypikhouse-app/services/api.service.ts: Using EditorConfig core...
services/api.service.ts: editor.action.trimTrailingWhitespace
atypikhouse-app/services/api.service.ts: {"insertSpaces":true,"tabSize":2}
atypikhouse-app/src/app/home/home.component.ts: {"insertSpaces":true,"tabSize":2}
atypikhouse-app/src/app/home/home.component.ts: Using EditorConfig core...
src/app/home/home.component.ts: editor.action.trimTrailingWhitespace
atypikhouse-app/services/api.service.ts: {"insertSpaces":true,"tabSize":2}
atypikhouse-app/services/api.service.ts: Using EditorConfig core...
services/api.service.ts: editor.action.trimTrailingWhitespace
atypikhouse-app/services/api.service.ts: Using EditorConfig core...
services/api.service.ts: editor.action.trimTrailingWhitespace
atypikhouse-app/services/api.service.ts: Using EditorConfig core...
services/api.service.ts: editor.action.trimTrailingWhitespace
atypikhouse-app/services/api.service.ts: {"insertSpaces":true,"tabSize":2}
atypikhouse-app/services/api.service.ts: {"insertSpaces":true,"tabSize":2}
atypikhouse-app/src/app/home/home.component.ts: {"insertSpaces":true,"tabSize":2}
atypikhouse-app/src/app/register/register.component.ts: {"insertSpaces":true,"tabSize":2}
atypikhouse-app/src/app/home/home.component.ts: {"insertSpaces":true,"tabSize":2}
atypikhouse-app/src/app/home/home.component.ts: Using EditorConfig core...
src/app/home/home.component.ts: editor.action.trimTrailingWhitespace
atypikhouse-app/src/app/home/home.component.ts: {"insertSpaces":true,"tabSize":2}
atypikhouse-app/services/api.service.ts: {"insertSpaces":true,"tabSize":2}
atypikhouse-app/services/api.service.ts: {"insertSpaces":true,"tabSize":2}
atypikhouse-app/services/api.service.ts: {"insertSpaces":true,"tabSize":2}
atypikhouse-app/services/api.service.ts: {"insertSpaces":true,"tabSize":2}
