peacock: Extension "vscode-peacock" is now active!
Mementos
  [
  {
    "name": "peacock.favoritesVersion",
    "type": "globalState",
    "value": "2.5.2"
  }
]
peacock: Adding recommended favorite colors to user settings for version 3.0.0
peacock: Updating the user settings with the following changes:
peacock:  peacock.favoriteColors
  [
  {
    "name": "Angular Red",
    "value": "#b52e31"
  },
  {
    "name": "Auth0 Orange",
    "value": "#eb5424"
  },
  {
    "name": "Azure Blue",
    "value": "#007fff"
  },
  {
    "name": "C# Purple",
    "value": "#68217A"
  },
  {
    "name": "Gatsby Purple",
    "value": "#639"
  },
  {
    "name": "Go Cyan",
    "value": "#5dc9e2"
  },
  {
    "name": "Java Blue-Gray",
    "value": "#557c9b"
  },
  {
    "name": "JavaScript Yellow",
    "value": "#f9e64f"
  },
  {
    "name": "Mandalorian Blue",
    "value": "#1857a4"
  },
  {
    "name": "Node Green",
    "value": "#215732"
  },
  {
    "name": "React Blue",
    "value": "#00b3e6"
  },
  {
    "name": "Something Different",
    "value": "#832561"
  },
  {
    "name": "Vue Green",
    "value": "#42b883"
  }
]
peacock: Saving the globalState peacock.favoritesVersion memento with value 3.0.0
Peacock is not in a workspace, so Peacock functionality is not available.
peacock: Extension "vscode-peacock" is now deactive
