Search path: /Users/amy/Desktop/atypikhouse-app/src/app/header
Config file name: /Users/amy/Desktop/atypikhouse-app/tsconfig.json
Angular Language Service: 8.1.2
TypeScript: 3.4.5
getTemplateReferences: 6060ms
Add recursive watcher for: /Users/amy/Desktop/atypikhouse-app
Opened configuration file /Users/amy/Desktop/atypikhouse-app/tsconfig.json
getTemplateReferences: 0ms
getDiagnostics: 55ms
Search path: /Users/amy/Desktop/atypikhouse-app/services
Config file name: /Users/amy/Desktop/atypikhouse-app/tsconfig.json
getTemplateReferences: 0ms
getDiagnostics: 18ms
getHoverAt: 0ms
getHoverAt: 0ms
getHoverAt: 0ms
getHoverAt: 0ms
getHoverAt: 0ms
getDiagnostics: 143ms
updating project structure from ...
updated: ng - 73ms
Search path: /Users/amy/Desktop/atypikhouse-app/services
Config file name: /Users/amy/Desktop/atypikhouse-app/tsconfig.json
getTemplateReferences: 283ms
getDiagnostics: 1ms
Search path: /Users/amy/Desktop/atypikhouse-app/services
Config file name: /Users/amy/Desktop/atypikhouse-app/tsconfig.json
getTemplateReferences: 0ms
getDiagnostics: 16ms
getHoverAt: 0ms
getHoverAt: 1ms
getHoverAt: 0ms
getHoverAt: 0ms
getHoverAt: 0ms
getDefinitionAt: 0ms
getDiagnostics: 38ms
updating project structure from ...
updated: ng - 77ms
getHoverAt: 0ms
getHoverAt: 0ms
getDiagnostics: 223ms
Search path: /Users/amy/Desktop/atypikhouse-app/services
Config file name: /Users/amy/Desktop/atypikhouse-app/tsconfig.json
getTemplateReferences: 0ms
updating project structure from ...
updated: ng - 124ms
getDiagnostics: 50ms
getHoverAt: 1ms
getHoverAt: 0ms
getHoverAt: 0ms
getHoverAt: 0ms
getHoverAt: 0ms
getCompletions: 51ms
getDiagnostics: 54ms
updating project structure from ...
updated: ng - 71ms
getDiagnostics: 212ms
getCompletions: 48ms
getDiagnostics: 49ms
updating project structure from ...
updated: ng - 54ms
Search path: /Users/amy/Desktop/atypikhouse-app/services
Config file name: /Users/amy/Desktop/atypikhouse-app/tsconfig.json
getTemplateReferences: 174ms
Search path: /Users/amy/Desktop/atypikhouse-app/services
Config file name: /Users/amy/Desktop/atypikhouse-app/tsconfig.json
getTemplateReferences: 0ms
getDiagnostics: 14ms
getHoverAt: 0ms
getHoverAt: 0ms
getDiagnostics: 52ms
updating project structure from ...
updated: ng - 75ms
Search path: /Users/amy/Desktop/atypikhouse-app/services
Config file name: /Users/amy/Desktop/atypikhouse-app/tsconfig.json
getTemplateReferences: 242ms
getDiagnostics: 1ms
getHoverAt: 1ms
Search path: /Users/amy/Desktop/atypikhouse-app/src/app/header
Config file name: /Users/amy/Desktop/atypikhouse-app/tsconfig.json
getTemplateReferences: 0ms
getTemplateReferences: 0ms
getDiagnostics: 149ms
getHoverAt: 10ms
getHoverAt: 8ms
getDiagnostics: 153ms
updating project structure from ...
getTemplateReferences: 99ms
updated: ng - 0ms
getDiagnostics: 128ms
updating project structure from ...
getTemplateReferences: 63ms
updated: ng - 0ms
getCompletions: 133ms
getDiagnostics: 106ms
updating project structure from ...
getTemplateReferences: 0ms
updated: ng - 0ms
Search path: /Users/amy/Desktop/atypikhouse-app/src/app/header
Config file name: /Users/amy/Desktop/atypikhouse-app/tsconfig.json
getTemplateReferences: 0ms
getTemplateReferences: 0ms
getDiagnostics: 453ms
getHoverAt: 22ms
getHoverAt: 9ms
getHoverAt: 8ms
getHoverAt: 20ms
getDiagnostics: 254ms
Search path: /Users/amy/Desktop/atypikhouse-app/src/app/header
Config file name: /Users/amy/Desktop/atypikhouse-app/tsconfig.json
getTemplateReferences: 0ms
getTemplateReferences: 0ms
getHoverAt: 211ms
updating project structure from ...
getTemplateReferences: 94ms
updated: ng - 0ms
getDiagnostics: 13ms
getDiagnostics: 194ms
getHoverAt: 17ms
Search path: /Users/amy/Desktop/atypikhouse-app/src/app/header
Config file name: /Users/amy/Desktop/atypikhouse-app/tsconfig.json
getTemplateReferences: 0ms
getTemplateReferences: 0ms
getHoverAt: 339ms
updating project structure from ...
getTemplateReferences: 0ms
updated: ng - 0ms
getDiagnostics: 23ms
getHoverAt: 7ms
getHoverAt: 5ms
getCompletions: 144ms
getHoverAt: 164ms
getDiagnostics: 19ms
getHoverAt: 10ms
Search path: /Users/amy/Desktop/atypikhouse-app/src/app/header
Config file name: /Users/amy/Desktop/atypikhouse-app/tsconfig.json
getTemplateReferences: 0ms
getTemplateReferences: 0ms
getHoverAt: 119ms
updating project structure from ...
getTemplateReferences: 0ms
updated: ng - 0ms
getDiagnostics: 11ms
getDiagnostics: 166ms
Search path: /Users/amy/Desktop/atypikhouse-app/src/app/header
Config file name: /Users/amy/Desktop/atypikhouse-app/tsconfig.json
getTemplateReferences: 0ms
getTemplateReferences: 0ms
updating project structure from ...
getTemplateReferences: 0ms
updated: ng - 269ms
Search path: /Users/amy/Desktop/atypikhouse-app/src/app/header
Config file name: /Users/amy/Desktop/atypikhouse-app/tsconfig.json
getTemplateReferences: 230ms
getTemplateReferences: 0ms
getDiagnostics: 21ms
getHoverAt: 7ms
getHoverAt: 11ms
getHoverAt: 9ms
getHoverAt: 5ms
getHoverAt: 10ms
getHoverAt: 13ms
getHoverAt: 9ms
getHoverAt: 9ms
getDiagnostics: 176ms
getCompletions: 130ms
getDiagnostics: 146ms
Search path: /Users/amy/Desktop/atypikhouse-app/src/app/header
Config file name: /Users/amy/Desktop/atypikhouse-app/tsconfig.json
getTemplateReferences: 0ms
getTemplateReferences: 0ms
getDiagnostics: 189ms
Search path: /Users/amy/Desktop/atypikhouse-app/src/app/header
Config file name: /Users/amy/Desktop/atypikhouse-app/tsconfig.json
getTemplateReferences: 0ms
getTemplateReferences: 0ms
updating project structure from ...
getTemplateReferences: 0ms
updated: ng - 274ms
getDiagnostics: 90ms
getDiagnostics: 155ms
Search path: /Users/amy/Desktop/atypikhouse-app/src/app/header
Config file name: /Users/amy/Desktop/atypikhouse-app/tsconfig.json
getTemplateReferences: 0ms
getTemplateReferences: 0ms
getCompletions: 378ms
getDiagnostics: 162ms
Search path: /Users/amy/Desktop/atypikhouse-app/src/app/header
Config file name: /Users/amy/Desktop/atypikhouse-app/tsconfig.json
getTemplateReferences: 0ms
getTemplateReferences: 0ms
updating project structure from ...
getTemplateReferences: 0ms
updated: ng - 159ms
getDiagnostics: 70ms
getHoverAt: 8ms
getHoverAt: 9ms
Search path: /Users/amy/Desktop/atypikhouse-app/src/app/home
Config file name: /Users/amy/Desktop/atypikhouse-app/tsconfig.json
getTemplateReferences: 0ms
getTemplateReferences: 0ms
getDiagnostics: 137ms
Search path: /Users/amy/Desktop/atypikhouse-app/src/app/home
Config file name: /Users/amy/Desktop/atypikhouse-app/tsconfig.json
getTemplateReferences: 0ms
getDiagnostics: 107ms
Search path: /Users/amy/Desktop/atypikhouse-app/src/app/register
Config file name: /Users/amy/Desktop/atypikhouse-app/tsconfig.json
getTemplateReferences: 312ms
getHoverAt: 0ms
getDiagnostics: 0ms
getDiagnostics: 246ms
Search path: /Users/amy/Desktop/atypikhouse-app/src/app/register
Config file name: /Users/amy/Desktop/atypikhouse-app/tsconfig.json
getTemplateReferences: 339ms
updating project structure from ...
getTemplateReferences: 0ms
updated: ng - 0ms
getDiagnostics: 1ms
Search path: /Users/amy/Desktop/atypikhouse-app/src/app/home
Config file name: /Users/amy/Desktop/atypikhouse-app/tsconfig.json
getTemplateReferences: 0ms
getDiagnostics: 81ms
getHoverAt: 0ms
getDiagnostics: 339ms
Search path: /Users/amy/Desktop/atypikhouse-app/src/app/home
Config file name: /Users/amy/Desktop/atypikhouse-app/tsconfig.json
getTemplateReferences: 0ms
updating project structure from ...
updated: ng - 233ms
getDiagnostics: 40ms
getHoverAt: 0ms
getDiagnostics: 72ms
Search path: /Users/amy/Desktop/atypikhouse-app/src/app/home
Config file name: /Users/amy/Desktop/atypikhouse-app/tsconfig.json
getTemplateReferences: 148ms
updating project structure from ...
updated: ng - 0ms
getDiagnostics: 0ms
getHoverAt: 0ms
getHoverAt: 0ms
getHoverAt: 0ms
getCompletions: 50ms
getDiagnostics: 77ms
Search path: /Users/amy/Desktop/atypikhouse-app/src/app/home
Config file name: /Users/amy/Desktop/atypikhouse-app/tsconfig.json
getTemplateReferences: 171ms
getDiagnostics: 84ms
Search path: /Users/amy/Desktop/atypikhouse-app/src/app/home
Config file name: /Users/amy/Desktop/atypikhouse-app/tsconfig.json
getTemplateReferences: 172ms
updating project structure from ...
updated: ng - 0ms
getCompletions: 46ms
getDiagnostics: 127ms
getCompletions: 34ms
getDiagnostics: 237ms
getCompletions: 54ms
getDiagnostics: 86ms
Search path: /Users/amy/Desktop/atypikhouse-app/src/app/home
Config file name: /Users/amy/Desktop/atypikhouse-app/tsconfig.json
getTemplateReferences: 144ms
updating project structure from ...
updated: ng - 0ms
getDiagnostics: 103ms
Search path: /Users/amy/Desktop/atypikhouse-app/src/app/home
Config file name: /Users/amy/Desktop/atypikhouse-app/tsconfig.json
getTemplateReferences: 248ms
updating project structure from ...
updated: ng - 0ms
getDiagnostics: 2ms
getHoverAt: 1ms
getHoverAt: 0ms
getDiagnostics: 143ms
Search path: /Users/amy/Desktop/atypikhouse-app/services
Config file name: /Users/amy/Desktop/atypikhouse-app/tsconfig.json
getTemplateReferences: 0ms
updating project structure from ...
updated: ng - 196ms
getDiagnostics: 60ms
getDiagnostics: 60ms
Search path: /Users/amy/Desktop/atypikhouse-app/services
Config file name: /Users/amy/Desktop/atypikhouse-app/tsconfig.json
getTemplateReferences: 0ms
updating project structure from ...
updated: ng - 276ms
getDiagnostics: 70ms
Search path: /Users/amy/Desktop/atypikhouse-app/services
Config file name: /Users/amy/Desktop/atypikhouse-app/tsconfig.json
getTemplateReferences: 0ms
getDiagnostics: 15ms
getHoverAt: 0ms
getHoverAt: 0ms
getCompletions: 86ms
getDiagnostics: 136ms
Search path: /Users/amy/Desktop/atypikhouse-app/src/app/home
Config file name: /Users/amy/Desktop/atypikhouse-app/tsconfig.json
getTemplateReferences: 136ms
updating project structure from ...
updated: ng - 0ms
getDiagnostics: 1ms
getDiagnostics: 180ms
getCompletions: 45ms
getCompletions: 27ms
getCompletions: 31ms
getCompletions: 33ms
getDiagnostics: 132ms
Search path: /Users/amy/Desktop/atypikhouse-app/src/app/home
Config file name: /Users/amy/Desktop/atypikhouse-app/tsconfig.json
getTemplateReferences: 0ms
updating project structure from ...
updated: ng - 131ms
getDiagnostics: 32ms
getCompletions: 32ms
getDiagnostics: 57ms
Search path: /Users/amy/Desktop/atypikhouse-app/src/app/home
Config file name: /Users/amy/Desktop/atypikhouse-app/tsconfig.json
getTemplateReferences: 121ms
getDiagnostics: 86ms
getDiagnostics: 158ms
Search path: /Users/amy/Desktop/atypikhouse-app/src/app/home
Config file name: /Users/amy/Desktop/atypikhouse-app/tsconfig.json
getTemplateReferences: 0ms
getDiagnostics: 101ms
Search path: /Users/amy/Desktop/atypikhouse-app/src/app/home
Config file name: /Users/amy/Desktop/atypikhouse-app/tsconfig.json
getTemplateReferences: 120ms
updating project structure from ...
updated: ng - 0ms
getDiagnostics: 1ms
getDiagnostics: 73ms
Search path: /Users/amy/Desktop/atypikhouse-app/src/app/home
Config file name: /Users/amy/Desktop/atypikhouse-app/tsconfig.json
getTemplateReferences: 122ms
updating project structure from ...
updated: ng - 0ms
getDiagnostics: 1ms
getCompletions: 34ms
getDiagnostics: 75ms
Search path: /Users/amy/Desktop/atypikhouse-app/src/app/home
Config file name: /Users/amy/Desktop/atypikhouse-app/tsconfig.json
getTemplateReferences: 122ms
updating project structure from ...
updated: ng - 0ms
getCompletions: 47ms
getDiagnostics: 88ms
Search path: /Users/amy/Desktop/atypikhouse-app/src/app/home
Config file name: /Users/amy/Desktop/atypikhouse-app/tsconfig.json
getTemplateReferences: 179ms
updating project structure from ...
updated: ng - 0ms
getDiagnostics: 1ms
getDiagnostics: 78ms
Search path: /Users/amy/Desktop/atypikhouse-app/src/app/home
Config file name: /Users/amy/Desktop/atypikhouse-app/tsconfig.json
getTemplateReferences: 157ms
getCompletions: 31ms
getDiagnostics: 89ms
getDiagnostics: 863ms
updating project structure from ...
updated: ng - 0ms
Search path: /Users/amy/Desktop/atypikhouse-app/src/app/home
Config file name: /Users/amy/Desktop/atypikhouse-app/tsconfig.json
getTemplateReferences: 0ms
getDiagnostics: 128ms
Search path: /Users/amy/Desktop/atypikhouse-app/src/app/home
Config file name: /Users/amy/Desktop/atypikhouse-app/tsconfig.json
getTemplateReferences: 384ms
updating project structure from ...
updated: ng - 0ms
getDiagnostics: 1ms
getHoverAt: 0ms
getHoverAt: 0ms
getCompletions: 38ms
getDiagnostics: 68ms
Search path: /Users/amy/Desktop/atypikhouse-app/src/app/home
Config file name: /Users/amy/Desktop/atypikhouse-app/tsconfig.json
getTemplateReferences: 143ms
updating project structure from ...
updated: ng - 0ms
getDiagnostics: 0ms
getDiagnostics: 84ms
Search path: /Users/amy/Desktop/atypikhouse-app/src/app/home
Config file name: /Users/amy/Desktop/atypikhouse-app/tsconfig.json
getTemplateReferences: 142ms
updating project structure from ...
updated: ng - 0ms
getDiagnostics: 1ms
getDiagnostics: 81ms
Search path: /Users/amy/Desktop/atypikhouse-app/src/app/home
Config file name: /Users/amy/Desktop/atypikhouse-app/tsconfig.json
getTemplateReferences: 182ms
getDiagnostics: 103ms
Search path: /Users/amy/Desktop/atypikhouse-app/src/app/home
Config file name: /Users/amy/Desktop/atypikhouse-app/tsconfig.json
getTemplateReferences: 133ms
updating project structure from ...
updated: ng - 0ms
getDiagnostics: 133ms
Search path: /Users/amy/Desktop/atypikhouse-app/src/app/home
Config file name: /Users/amy/Desktop/atypikhouse-app/tsconfig.json
getTemplateReferences: 423ms
updating project structure from ...
updated: ng - 0ms
getDiagnostics: 1ms
getCompletions: 41ms
getDiagnostics: 83ms
Search path: /Users/amy/Desktop/atypikhouse-app/src/app/home
Config file name: /Users/amy/Desktop/atypikhouse-app/tsconfig.json
getTemplateReferences: 132ms
updating project structure from ...
updated: ng - 3ms
getDiagnostics: 0ms
getDiagnostics: 63ms
Search path: /Users/amy/Desktop/atypikhouse-app/src/app/home
Config file name: /Users/amy/Desktop/atypikhouse-app/tsconfig.json
getTemplateReferences: 118ms
getDiagnostics: 80ms
Search path: /Users/amy/Desktop/atypikhouse-app/src/app/home
Config file name: /Users/amy/Desktop/atypikhouse-app/tsconfig.json
getTemplateReferences: 387ms
updating project structure from ...
updated: ng - 0ms
getDiagnostics: 0ms
getDiagnostics: 67ms
Search path: /Users/amy/Desktop/atypikhouse-app/src/app/home
Config file name: /Users/amy/Desktop/atypikhouse-app/tsconfig.json
getTemplateReferences: 129ms
updating project structure from ...
updated: ng - 0ms
getDiagnostics: 1ms
getDiagnostics: 62ms
getCompletions: 31ms
getDiagnostics: 164ms
Search path: /Users/amy/Desktop/atypikhouse-app/src/app/home
Config file name: /Users/amy/Desktop/atypikhouse-app/tsconfig.json
getTemplateReferences: 0ms
updating project structure from ...
updated: ng - 130ms
getDiagnostics: 40ms
getDiagnostics: 157ms
Search path: /Users/amy/Desktop/atypikhouse-app/src/app/home
Config file name: /Users/amy/Desktop/atypikhouse-app/tsconfig.json
getTemplateReferences: 150ms
getCompletions: 69ms
getDiagnostics: 60ms
Search path: /Users/amy/Desktop/atypikhouse-app/src/app/home
Config file name: /Users/amy/Desktop/atypikhouse-app/tsconfig.json
getTemplateReferences: 183ms
updating project structure from ...
updated: ng - 0ms
getDiagnostics: 1ms
getDiagnostics: 77ms
getCompletions: 44ms
getCompletions: 75ms
getDiagnostics: 152ms
Search path: /Users/amy/Desktop/atypikhouse-app/src/app/home
Config file name: /Users/amy/Desktop/atypikhouse-app/tsconfig.json
getTemplateReferences: 0ms
updating project structure from ...
updated: ng - 121ms
getDiagnostics: 38ms
getDiagnostics: 91ms
Search path: /Users/amy/Desktop/atypikhouse-app/src/app/home
Config file name: /Users/amy/Desktop/atypikhouse-app/tsconfig.json
getTemplateReferences: 169ms
updating project structure from ...
updated: ng - 0ms
getDiagnostics: 2ms
getDiagnostics: 69ms
Search path: /Users/amy/Desktop/atypikhouse-app/src/app/home
Config file name: /Users/amy/Desktop/atypikhouse-app/tsconfig.json
getTemplateReferences: 118ms
updating project structure from ...
updated: ng - 0ms
getDiagnostics: 87ms
getCompletions: 39ms
getDiagnostics: 133ms
Search path: /Users/amy/Desktop/atypikhouse-app/src/app/home
Config file name: /Users/amy/Desktop/atypikhouse-app/tsconfig.json
getTemplateReferences: 0ms
updating project structure from ...
updated: ng - 110ms
getDiagnostics: 27ms
getDiagnostics: 57ms
Search path: /Users/amy/Desktop/atypikhouse-app/src/app/home
Config file name: /Users/amy/Desktop/atypikhouse-app/tsconfig.json
getTemplateReferences: 116ms
updating project structure from ...
updated: ng - 0ms
getDiagnostics: 2ms
getDiagnostics: 84ms
Search path: /Users/amy/Desktop/atypikhouse-app/src/app/home
Config file name: /Users/amy/Desktop/atypikhouse-app/tsconfig.json
getTemplateReferences: 125ms
updating project structure from ...
updated: ng - 0ms
getDiagnostics: 0ms
getHoverAt: 0ms
getHoverAt: 0ms
getHoverAt: 0ms
getDiagnostics: 73ms
Search path: /Users/amy/Desktop/atypikhouse-app/src/app/home
Config file name: /Users/amy/Desktop/atypikhouse-app/tsconfig.json
getTemplateReferences: 120ms
updating project structure from ...
updated: ng - 0ms
getDiagnostics: 1ms
getDiagnostics: 73ms
Search path: /Users/amy/Desktop/atypikhouse-app/src/app/home
Config file name: /Users/amy/Desktop/atypikhouse-app/tsconfig.json
getTemplateReferences: 143ms
updating project structure from ...
updated: ng - 0ms
getDiagnostics: 1ms
getCompletions: 43ms
getDiagnostics: 87ms
Search path: /Users/amy/Desktop/atypikhouse-app/src/app/home
Config file name: /Users/amy/Desktop/atypikhouse-app/tsconfig.json
getTemplateReferences: 127ms
getCompletions: 55ms
getDiagnostics: 58ms
Search path: /Users/amy/Desktop/atypikhouse-app/src/app/home
Config file name: /Users/amy/Desktop/atypikhouse-app/tsconfig.json
getTemplateReferences: 177ms
updating project structure from ...
updated: ng - 0ms
getDiagnostics: 138ms
Search path: /Users/amy/Desktop/atypikhouse-app/src/app/home
Config file name: /Users/amy/Desktop/atypikhouse-app/tsconfig.json
getTemplateReferences: 217ms
updating project structure from ...
updated: ng - 0ms
getDiagnostics: 1ms
getDiagnostics: 82ms
Search path: /Users/amy/Desktop/atypikhouse-app/src/app/home
Config file name: /Users/amy/Desktop/atypikhouse-app/tsconfig.json
getTemplateReferences: 118ms
updating project structure from ...
updated: ng - 0ms
getCompletions: 34ms
getDiagnostics: 91ms
Search path: /Users/amy/Desktop/atypikhouse-app/src/app/home
Config file name: /Users/amy/Desktop/atypikhouse-app/tsconfig.json
getTemplateReferences: 352ms
updating project structure from ...
updated: ng - 0ms
getDiagnostics: 1ms
getDiagnostics: 77ms
Search path: /Users/amy/Desktop/atypikhouse-app/src/app/home
Config file name: /Users/amy/Desktop/atypikhouse-app/tsconfig.json
getTemplateReferences: 125ms
updating project structure from ...
updated: ng - 0ms
getDiagnostics: 1ms
getCompletions: 36ms
getDiagnostics: 82ms
Search path: /Users/amy/Desktop/atypikhouse-app/src/app/home
Config file name: /Users/amy/Desktop/atypikhouse-app/tsconfig.json
getTemplateReferences: 199ms
updating project structure from ...
updated: ng - 0ms
Search path: /Users/amy/Desktop/atypikhouse-app/src/app/home
Config file name: /Users/amy/Desktop/atypikhouse-app/tsconfig.json
getTemplateReferences: 0ms
getDiagnostics: 116ms
getCompletions: 39ms
getDiagnostics: 190ms
Search path: /Users/amy/Desktop/atypikhouse-app/src/app/home
Config file name: /Users/amy/Desktop/atypikhouse-app/tsconfig.json
getTemplateReferences: 0ms
updating project structure from ...
updated: ng - 252ms
getCompletions: 54ms
getDiagnostics: 282ms
getCompletions: 55ms
getDiagnostics: 140ms
Search path: /Users/amy/Desktop/atypikhouse-app/src/app/home
Config file name: /Users/amy/Desktop/atypikhouse-app/tsconfig.json
getTemplateReferences: 148ms
updating project structure from ...
updated: ng - 0ms
getDiagnostics: 127ms
Search path: /Users/amy/Desktop/atypikhouse-app/src/app/home
Config file name: /Users/amy/Desktop/atypikhouse-app/tsconfig.json
getTemplateReferences: 282ms
updating project structure from ...
updated: ng - 0ms
getDiagnostics: 0ms
getHoverAt: 1ms
getHoverAt: 1ms
getHoverAt: 0ms
getHoverAt: 0ms
getDiagnostics: 54ms
Search path: /Users/amy/Desktop/atypikhouse-app/services
Config file name: /Users/amy/Desktop/atypikhouse-app/tsconfig.json
getTemplateReferences: 0ms
getCompletions: 79ms
getDiagnostics: 98ms
Search path: /Users/amy/Desktop/atypikhouse-app/services
Config file name: /Users/amy/Desktop/atypikhouse-app/tsconfig.json
getTemplateReferences: 0ms
updating project structure from ...
updated: ng - 259ms
getCompletions: 104ms
getDiagnostics: 401ms
updating project structure from ...
updated: ng - 0ms
Search path: /Users/amy/Desktop/atypikhouse-app/services
Config file name: /Users/amy/Desktop/atypikhouse-app/tsconfig.json
getTemplateReferences: 0ms
getDiagnostics: 11ms
getDiagnostics: 57ms
Search path: /Users/amy/Desktop/atypikhouse-app/services
Config file name: /Users/amy/Desktop/atypikhouse-app/tsconfig.json
getTemplateReferences: 0ms
updating project structure from ...
updated: ng - 274ms
getDiagnostics: 167ms
getHoverAt: 0ms
getHoverAt: 0ms
getHoverAt: 1ms
getHoverAt: 0ms
getDiagnostics: 49ms
Search path: /Users/amy/Desktop/atypikhouse-app/services
Config file name: /Users/amy/Desktop/atypikhouse-app/tsconfig.json
getTemplateReferences: 0ms
updating project structure from ...
updated: ng - 216ms
getDiagnostics: 40ms
getDiagnostics: 62ms
Search path: /Users/amy/Desktop/atypikhouse-app/services
Config file name: /Users/amy/Desktop/atypikhouse-app/tsconfig.json
getTemplateReferences: 0ms
getDiagnostics: 17ms
updating project structure from ...
updated: ng - 115ms
getDiagnostics: 461ms
updating project structure from ...
updated: ng - 0ms
Search path: /Users/amy/Desktop/atypikhouse-app/services
Config file name: /Users/amy/Desktop/atypikhouse-app/tsconfig.json
getTemplateReferences: 0ms
getDiagnostics: 17ms
getHoverAt: 0ms
getHoverAt: 0ms
getHoverAt: 0ms
getDiagnostics: 39ms
getDiagnostics: 51ms
Search path: /Users/amy/Desktop/atypikhouse-app/services
Config file name: /Users/amy/Desktop/atypikhouse-app/tsconfig.json
getTemplateReferences: 0ms
getDiagnostics: 42ms
Search path: /Users/amy/Desktop/atypikhouse-app/services
Config file name: /Users/amy/Desktop/atypikhouse-app/tsconfig.json
getTemplateReferences: 0ms
updating project structure from ...
updated: ng - 222ms
getDiagnostics: 83ms
getDiagnostics: 43ms
Search path: /Users/amy/Desktop/atypikhouse-app/services
Config file name: /Users/amy/Desktop/atypikhouse-app/tsconfig.json
getTemplateReferences: 0ms
updating project structure from ...
updated: ng - 377ms
getDiagnostics: 54ms
getCompletions: 31ms
getDiagnostics: 36ms
Search path: /Users/amy/Desktop/atypikhouse-app/services
Config file name: /Users/amy/Desktop/atypikhouse-app/tsconfig.json
getTemplateReferences: 0ms
updating project structure from ...
updated: ng - 141ms
getDiagnostics: 47ms
Search path: /Users/amy/Desktop/atypikhouse-app/services
Config file name: /Users/amy/Desktop/atypikhouse-app/tsconfig.json
getTemplateReferences: 0ms
getDiagnostics: 16ms
getDiagnostics: 39ms
Search path: /Users/amy/Desktop/atypikhouse-app/services
Config file name: /Users/amy/Desktop/atypikhouse-app/tsconfig.json
getTemplateReferences: 0ms
updating project structure from ...
updated: ng - 361ms
getDiagnostics: 112ms
getHoverAt: 1ms
getCompletions: 86ms
getDiagnostics: 36ms
Search path: /Users/amy/Desktop/atypikhouse-app/services
Config file name: /Users/amy/Desktop/atypikhouse-app/tsconfig.json
getTemplateReferences: 0ms
getCompletions: 67ms
getDiagnostics: 17ms
Search path: /Users/amy/Desktop/atypikhouse-app/services
Config file name: /Users/amy/Desktop/atypikhouse-app/tsconfig.json
getTemplateReferences: 0ms
updating project structure from ...
updated: ng - 185ms
getDiagnostics: 68ms
getDiagnostics: 86ms
updating project structure from ...
updated: ng - 75ms
Search path: /Users/amy/Desktop/atypikhouse-app/services
Config file name: /Users/amy/Desktop/atypikhouse-app/tsconfig.json
getTemplateReferences: 311ms
getDiagnostics: 1ms
getHoverAt: 0ms
getHoverAt: 0ms
getHoverAt: 0ms
getDiagnostics: 41ms
getDiagnostics: 51ms
Search path: /Users/amy/Desktop/atypikhouse-app/services
Config file name: /Users/amy/Desktop/atypikhouse-app/tsconfig.json
getTemplateReferences: 0ms
updating project structure from ...
updated: ng - 241ms
getDiagnostics: 37ms
getDiagnostics: 44ms
Search path: /Users/amy/Desktop/atypikhouse-app/services
Config file name: /Users/amy/Desktop/atypikhouse-app/tsconfig.json
getTemplateReferences: 0ms
getDiagnostics: 49ms
Search path: /Users/amy/Desktop/atypikhouse-app/services
Config file name: /Users/amy/Desktop/atypikhouse-app/tsconfig.json
getTemplateReferences: 0ms
updating project structure from ...
updated: ng - 169ms
getDiagnostics: 46ms
getDiagnostics: 38ms
Search path: /Users/amy/Desktop/atypikhouse-app/services
Config file name: /Users/amy/Desktop/atypikhouse-app/tsconfig.json
getTemplateReferences: 0ms
getDiagnostics: 33ms
Search path: /Users/amy/Desktop/atypikhouse-app/services
Config file name: /Users/amy/Desktop/atypikhouse-app/tsconfig.json
getTemplateReferences: 0ms
updating project structure from ...
updated: ng - 261ms
getCompletions: 26ms
Search path: /Users/amy/Desktop/atypikhouse-app/services
Config file name: /Users/amy/Desktop/atypikhouse-app/tsconfig.json
getTemplateReferences: 192ms
getDiagnostics: 1ms
updating project structure from ...
updated: ng - 0ms
getDiagnostics: 40ms
Search path: /Users/amy/Desktop/atypikhouse-app/services
Config file name: /Users/amy/Desktop/atypikhouse-app/tsconfig.json
getTemplateReferences: 0ms
updating project structure from ...
updated: ng - 169ms
getDiagnostics: 52ms
getHoverAt: 0ms
getDiagnostics: 40ms
Search path: /Users/amy/Desktop/atypikhouse-app/services
Config file name: /Users/amy/Desktop/atypikhouse-app/tsconfig.json
getTemplateReferences: 0ms
updating project structure from ...
updated: ng - 170ms
getDiagnostics: 60ms
getDiagnostics: 44ms
Search path: /Users/amy/Desktop/atypikhouse-app/services
Config file name: /Users/amy/Desktop/atypikhouse-app/tsconfig.json
getTemplateReferences: 0ms
updating project structure from ...
updated: ng - 170ms
getDiagnostics: 55ms
getDiagnostics: 33ms
Search path: /Users/amy/Desktop/atypikhouse-app/services
Config file name: /Users/amy/Desktop/atypikhouse-app/tsconfig.json
getTemplateReferences: 0ms
updating project structure from ...
updated: ng - 171ms
getDiagnostics: 29ms
getCompletions: 62ms
getDiagnostics: 10ms
Search path: /Users/amy/Desktop/atypikhouse-app/services
Config file name: /Users/amy/Desktop/atypikhouse-app/tsconfig.json
getTemplateReferences: 0ms
getHoverAt: 0ms
updating project structure from ...
updated: ng - 191ms
getDiagnostics: 45ms
getDiagnostics: 50ms
Search path: /Users/amy/Desktop/atypikhouse-app/services
Config file name: /Users/amy/Desktop/atypikhouse-app/tsconfig.json
getTemplateReferences: 0ms
updating project structure from ...
updated: ng - 245ms
getDiagnostics: 36ms
getHoverAt: 0ms
getHoverAt: 0ms
getHoverAt: 0ms
getHoverAt: 0ms
getHoverAt: 1ms
getHoverAt: 0ms
getDiagnostics: 44ms
Search path: /Users/amy/Desktop/atypikhouse-app/services
Config file name: /Users/amy/Desktop/atypikhouse-app/tsconfig.json
getTemplateReferences: 0ms
getDiagnostics: 78ms
Search path: /Users/amy/Desktop/atypikhouse-app/services
Config file name: /Users/amy/Desktop/atypikhouse-app/tsconfig.json
getTemplateReferences: 0ms
updating project structure from ...
updated: ng - 272ms
getDiagnostics: 53ms
getHoverAt: 0ms
getHoverAt: 0ms
getDiagnostics: 34ms
getDiagnostics: 40ms
Search path: /Users/amy/Desktop/atypikhouse-app/services
Config file name: /Users/amy/Desktop/atypikhouse-app/tsconfig.json
getTemplateReferences: 0ms
updating project structure from ...
updated: ng - 160ms
getDiagnostics: 49ms
Search path: /Users/amy/Desktop/atypikhouse-app/services
Config file name: /Users/amy/Desktop/atypikhouse-app/tsconfig.json
getTemplateReferences: 0ms
getDiagnostics: 13ms
getDiagnostics: 71ms
Search path: /Users/amy/Desktop/atypikhouse-app/services
Config file name: /Users/amy/Desktop/atypikhouse-app/tsconfig.json
getTemplateReferences: 0ms
updating project structure from ...
updated: ng - 291ms
getDiagnostics: 162ms
getHoverAt: 1ms
getHoverAt: 0ms
getHoverAt: 0ms
getHoverAt: 0ms
getDiagnostics: 36ms
Search path: /Users/amy/Desktop/atypikhouse-app/services
Config file name: /Users/amy/Desktop/atypikhouse-app/tsconfig.json
getTemplateReferences: 0ms
updating project structure from ...
updated: ng - 215ms
getDiagnostics: 99ms
getDiagnostics: 44ms
Search path: /Users/amy/Desktop/atypikhouse-app/services
Config file name: /Users/amy/Desktop/atypikhouse-app/tsconfig.json
getTemplateReferences: 0ms
updating project structure from ...
updated: ng - 189ms
getCompletions: 53ms
getCompletions: 68ms
getDiagnostics: 627ms
updating project structure from ...
updated: ng - 0ms
Search path: /Users/amy/Desktop/atypikhouse-app/services
Config file name: /Users/amy/Desktop/atypikhouse-app/tsconfig.json
getTemplateReferences: 0ms
getDiagnostics: 41ms
Search path: /Users/amy/Desktop/atypikhouse-app/services
Config file name: /Users/amy/Desktop/atypikhouse-app/tsconfig.json
getTemplateReferences: 0ms
getDiagnostics: 40ms
Search path: /Users/amy/Desktop/atypikhouse-app/services
Config file name: /Users/amy/Desktop/atypikhouse-app/tsconfig.json
getTemplateReferences: 0ms
updating project structure from ...
updated: ng - 219ms
getDiagnostics: 41ms
getCompletions: 48ms
getDiagnostics: 44ms
Search path: /Users/amy/Desktop/atypikhouse-app/services
Config file name: /Users/amy/Desktop/atypikhouse-app/tsconfig.json
getTemplateReferences: 0ms
getDiagnostics: 56ms
Search path: /Users/amy/Desktop/atypikhouse-app/services
Config file name: /Users/amy/Desktop/atypikhouse-app/tsconfig.json
getTemplateReferences: 0ms
getCompletions: 59ms
getDiagnostics: 13ms
Search path: /Users/amy/Desktop/atypikhouse-app/services
Config file name: /Users/amy/Desktop/atypikhouse-app/tsconfig.json
getTemplateReferences: 0ms
updating project structure from ...
updated: ng - 170ms
getDiagnostics: 223ms
Search path: /Users/amy/Desktop/atypikhouse-app/services
Config file name: /Users/amy/Desktop/atypikhouse-app/tsconfig.json
getTemplateReferences: 0ms
updating project structure from ...
updated: ng - 119ms
getCompletions: 32ms
Search path: /Users/amy/Desktop/atypikhouse-app/services
Config file name: /Users/amy/Desktop/atypikhouse-app/tsconfig.json
getTemplateReferences: 234ms
getDiagnostics: 64ms
Search path: /Users/amy/Desktop/atypikhouse-app/services
Config file name: /Users/amy/Desktop/atypikhouse-app/tsconfig.json
getTemplateReferences: 0ms
updating project structure from ...
updated: ng - 304ms
getDiagnostics: 495ms
Search path: /Users/amy/Desktop/atypikhouse-app/services
Config file name: /Users/amy/Desktop/atypikhouse-app/tsconfig.json
getTemplateReferences: 0ms
getHoverAt: 0ms
updating project structure from ...
updated: ng - 242ms
getDiagnostics: 53ms
getDiagnostics: 30ms
Search path: /Users/amy/Desktop/atypikhouse-app/services
Config file name: /Users/amy/Desktop/atypikhouse-app/tsconfig.json
getTemplateReferences: 0ms
updating project structure from ...
updated: ng - 244ms
getDiagnostics: 37ms
getHoverAt: 0ms
getHoverAt: 1ms
getDiagnostics: 32ms
Search path: /Users/amy/Desktop/atypikhouse-app/services
Config file name: /Users/amy/Desktop/atypikhouse-app/tsconfig.json
getTemplateReferences: 0ms
updating project structure from ...
updated: ng - 175ms
getDiagnostics: 173ms
Search path: /Users/amy/Desktop/atypikhouse-app/services
Config file name: /Users/amy/Desktop/atypikhouse-app/tsconfig.json
getTemplateReferences: 0ms
updating project structure from ...
updated: ng - 141ms
getDiagnostics: 25ms
getDiagnostics: 33ms
getDiagnostics: 39ms
Search path: /Users/amy/Desktop/atypikhouse-app/services
Config file name: /Users/amy/Desktop/atypikhouse-app/tsconfig.json
getTemplateReferences: 0ms
updating project structure from ...
updated: ng - 194ms
getDiagnostics: 32ms
getHoverAt: 1ms
getDiagnostics: 82ms
Search path: /Users/amy/Desktop/atypikhouse-app/services
Config file name: /Users/amy/Desktop/atypikhouse-app/tsconfig.json
getTemplateReferences: 0ms
updating project structure from ...
updated: ng - 199ms
getDiagnostics: 64ms
getHoverAt: 1ms
getDiagnostics: 36ms
Search path: /Users/amy/Desktop/atypikhouse-app/services
Config file name: /Users/amy/Desktop/atypikhouse-app/tsconfig.json
getTemplateReferences: 0ms
updating project structure from ...
updated: ng - 227ms
getDiagnostics: 63ms
getDiagnostics: 59ms
Search path: /Users/amy/Desktop/atypikhouse-app/services
Config file name: /Users/amy/Desktop/atypikhouse-app/tsconfig.json
getTemplateReferences: 0ms
updating project structure from ...
updated: ng - 185ms
getDiagnostics: 35ms
getCompletions: 97ms
getDiagnostics: 35ms
Search path: /Users/amy/Desktop/atypikhouse-app/services
Config file name: /Users/amy/Desktop/atypikhouse-app/tsconfig.json
getTemplateReferences: 0ms
updating project structure from ...
updated: ng - 191ms
getDiagnostics: 32ms
getDiagnostics: 72ms
Search path: /Users/amy/Desktop/atypikhouse-app/services
Config file name: /Users/amy/Desktop/atypikhouse-app/tsconfig.json
getTemplateReferences: 0ms
updating project structure from ...
updated: ng - 180ms
getDiagnostics: 30ms
getCompletions: 45ms
getCompletions: 54ms
getDiagnostics: 16ms
Search path: /Users/amy/Desktop/atypikhouse-app/services
Config file name: /Users/amy/Desktop/atypikhouse-app/tsconfig.json
getTemplateReferences: 0ms
getDiagnostics: 32ms
Search path: /Users/amy/Desktop/atypikhouse-app/services
Config file name: /Users/amy/Desktop/atypikhouse-app/tsconfig.json
getTemplateReferences: 0ms
updating project structure from ...
updated: ng - 167ms
getDiagnostics: 64ms
Search path: /Users/amy/Desktop/atypikhouse-app/services
Config file name: /Users/amy/Desktop/atypikhouse-app/tsconfig.json
getTemplateReferences: 0ms
getDiagnostics: 55ms
Search path: /Users/amy/Desktop/atypikhouse-app/services
Config file name: /Users/amy/Desktop/atypikhouse-app/tsconfig.json
getTemplateReferences: 0ms
updating project structure from ...
updated: ng - 181ms
getDiagnostics: 37ms
getDiagnostics: 49ms
Search path: /Users/amy/Desktop/atypikhouse-app/services
Config file name: /Users/amy/Desktop/atypikhouse-app/tsconfig.json
getTemplateReferences: 0ms
updating project structure from ...
updated: ng - 179ms
getDiagnostics: 39ms
getHoverAt: 0ms
getHoverAt: 0ms
getHoverAt: 0ms
getHoverAt: 0ms
getHoverAt: 0ms
getHoverAt: 0ms
getHoverAt: 0ms
getHoverAt: 0ms
getDiagnostics: 41ms
Search path: /Users/amy/Desktop/atypikhouse-app/services
Config file name: /Users/amy/Desktop/atypikhouse-app/tsconfig.json
getTemplateReferences: 0ms
getDiagnostics: 9ms
updating project structure from ...
updated: ng - 137ms
getHoverAt: 0ms
getHoverAt: 0ms
getDiagnostics: 192ms
Search path: /Users/amy/Desktop/atypikhouse-app/services
Config file name: /Users/amy/Desktop/atypikhouse-app/tsconfig.json
getTemplateReferences: 0ms
getCompletions: 73ms
getDiagnostics: 81ms
Search path: /Users/amy/Desktop/atypikhouse-app/services
Config file name: /Users/amy/Desktop/atypikhouse-app/tsconfig.json
getTemplateReferences: 0ms
updating project structure from ...
updated: ng - 340ms
getDiagnostics: 62ms
getDiagnostics: 59ms
Search path: /Users/amy/Desktop/atypikhouse-app/services
Config file name: /Users/amy/Desktop/atypikhouse-app/tsconfig.json
getTemplateReferences: 0ms
updating project structure from ...
updated: ng - 223ms
getDiagnostics: 28ms
getHoverAt: 1ms
getHoverAt: 0ms
getDiagnostics: 42ms
getDiagnostics: 61ms
Search path: /Users/amy/Desktop/atypikhouse-app/services
Config file name: /Users/amy/Desktop/atypikhouse-app/tsconfig.json
getTemplateReferences: 0ms
getHoverAt: 0ms
updating project structure from ...
updated: ng - 245ms
getDiagnostics: 37ms
getHoverAt: 0ms
getHoverAt: 0ms
getHoverAt: 1ms
getHoverAt: 0ms
getHoverAt: 0ms
getDiagnostics: 45ms
getDiagnostics: 45ms
Search path: /Users/amy/Desktop/atypikhouse-app/services
Config file name: /Users/amy/Desktop/atypikhouse-app/tsconfig.json
getTemplateReferences: 0ms
updating project structure from ...
updated: ng - 175ms
getDiagnostics: 35ms
getCompletions: 79ms
getDiagnostics: 75ms
updating project structure from ...
updated: ng - 128ms
Search path: /Users/amy/Desktop/atypikhouse-app/services
Config file name: /Users/amy/Desktop/atypikhouse-app/tsconfig.json
getTemplateReferences: 338ms
getDiagnostics: 1ms
getDiagnostics: 45ms
Search path: /Users/amy/Desktop/atypikhouse-app/services
Config file name: /Users/amy/Desktop/atypikhouse-app/tsconfig.json
getTemplateReferences: 0ms
updating project structure from ...
updated: ng - 319ms
getDiagnostics: 243ms
getDiagnostics: 45ms
Search path: /Users/amy/Desktop/atypikhouse-app/services
Config file name: /Users/amy/Desktop/atypikhouse-app/tsconfig.json
getTemplateReferences: 0ms
updating project structure from ...
updated: ng - 187ms
getDiagnostics: 594ms
Search path: /Users/amy/Desktop/atypikhouse-app/services
Config file name: /Users/amy/Desktop/atypikhouse-app/tsconfig.json
getTemplateReferences: 0ms
updating project structure from ...
updated: ng - 416ms
getCompletions: 201ms
Search path: /Users/amy/Desktop/atypikhouse-app/services
Config file name: /Users/amy/Desktop/atypikhouse-app/tsconfig.json
getTemplateReferences: 473ms
updating project structure from ...
updated: ng - 0ms
getDiagnostics: 0ms
getDiagnostics: 39ms
Search path: /Users/amy/Desktop/atypikhouse-app/services
Config file name: /Users/amy/Desktop/atypikhouse-app/tsconfig.json
getTemplateReferences: 0ms
getDiagnostics: 56ms
Search path: /Users/amy/Desktop/atypikhouse-app/services
Config file name: /Users/amy/Desktop/atypikhouse-app/tsconfig.json
getTemplateReferences: 0ms
getHoverAt: 0ms
updating project structure from ...
updated: ng - 248ms
getDiagnostics: 35ms
getHoverAt: 1ms
getHoverAt: 0ms
getHoverAt: 1ms
getHoverAt: 0ms
getHoverAt: 0ms
getHoverAt: 0ms
getDiagnostics: 33ms
Search path: /Users/amy/Desktop/atypikhouse-app/services
Config file name: /Users/amy/Desktop/atypikhouse-app/tsconfig.json
getTemplateReferences: 0ms
updating project structure from ...
updated: ng - 178ms
getDiagnostics: 44ms
getDiagnostics: 58ms
Search path: /Users/amy/Desktop/atypikhouse-app/services
Config file name: /Users/amy/Desktop/atypikhouse-app/tsconfig.json
getTemplateReferences: 0ms
getDiagnostics: 14ms
updating project structure from ...
updated: ng - 76ms
getDiagnostics: 174ms
Search path: /Users/amy/Desktop/atypikhouse-app/services
Config file name: /Users/amy/Desktop/atypikhouse-app/tsconfig.json
getTemplateReferences: 0ms
updating project structure from ...
updated: ng - 175ms
getDiagnostics: 27ms
getDiagnostics: 48ms
Search path: /Users/amy/Desktop/atypikhouse-app/services
Config file name: /Users/amy/Desktop/atypikhouse-app/tsconfig.json
getTemplateReferences: 0ms
updating project structure from ...
updated: ng - 126ms
getDiagnostics: 26ms
getDiagnostics: 60ms
Search path: /Users/amy/Desktop/atypikhouse-app/services
Config file name: /Users/amy/Desktop/atypikhouse-app/tsconfig.json
getTemplateReferences: 0ms
updating project structure from ...
updated: ng - 260ms
getDiagnostics: 194ms
getDiagnostics: 52ms
Search path: /Users/amy/Desktop/atypikhouse-app/services
Config file name: /Users/amy/Desktop/atypikhouse-app/tsconfig.json
getTemplateReferences: 0ms
updating project structure from ...
updated: ng - 121ms
getDiagnostics: 28ms
getDiagnostics: 62ms
Search path: /Users/amy/Desktop/atypikhouse-app/services
Config file name: /Users/amy/Desktop/atypikhouse-app/tsconfig.json
getTemplateReferences: 0ms
updating project structure from ...
updated: ng - 251ms
getDiagnostics: 39ms
getDiagnostics: 59ms
getDiagnostics: 35ms
Search path: /Users/amy/Desktop/atypikhouse-app/services
Config file name: /Users/amy/Desktop/atypikhouse-app/tsconfig.json
getTemplateReferences: 0ms
updating project structure from ...
updated: ng - 154ms
getDiagnostics: 69ms
getDiagnostics: 34ms
Search path: /Users/amy/Desktop/atypikhouse-app/services
Config file name: /Users/amy/Desktop/atypikhouse-app/tsconfig.json
getTemplateReferences: 0ms
updating project structure from ...
updated: ng - 125ms
getDiagnostics: 23ms
getHoverAt: 0ms
getCompletions: 44ms
getDiagnostics: 32ms
Search path: /Users/amy/Desktop/atypikhouse-app/services
Config file name: /Users/amy/Desktop/atypikhouse-app/tsconfig.json
getTemplateReferences: 0ms
updating project structure from ...
updated: ng - 114ms
getDiagnostics: 24ms
getCompletions: 51ms
getDiagnostics: 13ms
Search path: /Users/amy/Desktop/atypikhouse-app/services
Config file name: /Users/amy/Desktop/atypikhouse-app/tsconfig.json
getTemplateReferences: 0ms
updating project structure from ...
updated: ng - 204ms
getDiagnostics: 88ms
getDiagnostics: 32ms
Search path: /Users/amy/Desktop/atypikhouse-app/services
Config file name: /Users/amy/Desktop/atypikhouse-app/tsconfig.json
getTemplateReferences: 0ms
updating project structure from ...
updated: ng - 146ms
getDiagnostics: 39ms
getHoverAt: 0ms
getHoverAt: 1ms
getHoverAt: 0ms
getHoverAt: 1ms
getDiagnostics: 45ms
Search path: /Users/amy/Desktop/atypikhouse-app/services
Config file name: /Users/amy/Desktop/atypikhouse-app/tsconfig.json
getTemplateReferences: 0ms
updating project structure from ...
updated: ng - 182ms
getDiagnostics: 33ms
getHoverAt: 1ms
getHoverAt: 0ms
getDiagnostics: 51ms
getDiagnostics: 73ms
Search path: /Users/amy/Desktop/atypikhouse-app/services
Config file name: /Users/amy/Desktop/atypikhouse-app/tsconfig.json
getTemplateReferences: 0ms
updating project structure from ...
updated: ng - 184ms
getDiagnostics: 30ms
getDiagnostics: 49ms
getDiagnostics: 80ms
getDiagnostics: 46ms
Search path: /Users/amy/Desktop/atypikhouse-app/services
Config file name: /Users/amy/Desktop/atypikhouse-app/tsconfig.json
getTemplateReferences: 0ms
updating project structure from ...
updated: ng - 166ms
getDiagnostics: 46ms
getDiagnostics: 33ms
Search path: /Users/amy/Desktop/atypikhouse-app/services
Config file name: /Users/amy/Desktop/atypikhouse-app/tsconfig.json
getTemplateReferences: 0ms
getDiagnostics: 44ms
Search path: /Users/amy/Desktop/atypikhouse-app/services
Config file name: /Users/amy/Desktop/atypikhouse-app/tsconfig.json
getTemplateReferences: 0ms
updating project structure from ...
updated: ng - 247ms
getDiagnostics: 45ms
getDiagnostics: 51ms
getDiagnostics: 35ms
Search path: /Users/amy/Desktop/atypikhouse-app/services
Config file name: /Users/amy/Desktop/atypikhouse-app/tsconfig.json
getTemplateReferences: 0ms
updating project structure from ...
updated: ng - 178ms
getDiagnostics: 34ms
getDiagnostics: 72ms
Search path: /Users/amy/Desktop/atypikhouse-app/services
Config file name: /Users/amy/Desktop/atypikhouse-app/tsconfig.json
getTemplateReferences: 0ms
updating project structure from ...
updated: ng - 366ms
getDiagnostics: 62ms
getHoverAt: 0ms
getHoverAt: 0ms
getHoverAt: 0ms
getDiagnostics: 41ms
Search path: /Users/amy/Desktop/atypikhouse-app/services
Config file name: /Users/amy/Desktop/atypikhouse-app/tsconfig.json
getTemplateReferences: 0ms
updating project structure from ...
updated: ng - 239ms
getDiagnostics: 46ms
Search path: /Users/amy/Desktop/atypikhouse-app/services
Config file name: /Users/amy/Desktop/atypikhouse-app/tsconfig.json
getTemplateReferences: 0ms
getDiagnostics: 14ms
getDiagnostics: 74ms
Search path: /Users/amy/Desktop/atypikhouse-app/services
Config file name: /Users/amy/Desktop/atypikhouse-app/tsconfig.json
getTemplateReferences: 0ms
updating project structure from ...
updated: ng - 526ms
getDiagnostics: 158ms
getHoverAt: 0ms
getHoverAt: 0ms
getHoverAt: 0ms
getHoverAt: 0ms
getDiagnostics: 44ms
Search path: /Users/amy/Desktop/atypikhouse-app/services
Config file name: /Users/amy/Desktop/atypikhouse-app/tsconfig.json
getTemplateReferences: 0ms
updating project structure from ...
updated: ng - 210ms
getDiagnostics: 91ms
getHoverAt: 0ms
getDiagnostics: 31ms
Search path: /Users/amy/Desktop/atypikhouse-app/services
Config file name: /Users/amy/Desktop/atypikhouse-app/tsconfig.json
getTemplateReferences: 0ms
updating project structure from ...
updated: ng - 173ms
getDiagnostics: 85ms
getCompletions: 61ms
getDiagnostics: 12ms
Search path: /Users/amy/Desktop/atypikhouse-app/services
Config file name: /Users/amy/Desktop/atypikhouse-app/tsconfig.json
getTemplateReferences: 0ms
updating project structure from ...
updated: ng - 257ms
getDiagnostics: 53ms
getHoverAt: 1ms
getHoverAt: 0ms
getHoverAt: 0ms
getDiagnostics: 51ms
getDiagnostics: 48ms
Search path: /Users/amy/Desktop/atypikhouse-app/services
Config file name: /Users/amy/Desktop/atypikhouse-app/tsconfig.json
getTemplateReferences: 0ms
updating project structure from ...
updated: ng - 198ms
getDiagnostics: 89ms
getDiagnostics: 44ms
Search path: /Users/amy/Desktop/atypikhouse-app/services
Config file name: /Users/amy/Desktop/atypikhouse-app/tsconfig.json
getTemplateReferences: 0ms
updating project structure from ...
updated: ng - 216ms
getDiagnostics: 111ms
getHoverAt: 1ms
getHoverAt: 0ms
getHoverAt: 0ms
getHoverAt: 0ms
getDiagnostics: 45ms
Search path: /Users/amy/Desktop/atypikhouse-app/services
Config file name: /Users/amy/Desktop/atypikhouse-app/tsconfig.json
getTemplateReferences: 0ms
updating project structure from ...
updated: ng - 370ms
getDiagnostics: 121ms
getDiagnostics: 49ms
Search path: /Users/amy/Desktop/atypikhouse-app/services
Config file name: /Users/amy/Desktop/atypikhouse-app/tsconfig.json
getTemplateReferences: 0ms
updating project structure from ...
updated: ng - 264ms
getDiagnostics: 78ms
getCompletions: 66ms
Search path: /Users/amy/Desktop/atypikhouse-app/services
Config file name: /Users/amy/Desktop/atypikhouse-app/tsconfig.json
getTemplateReferences: 0ms
updating project structure from ...
updated: ng - 441ms
getDiagnostics: 107ms
getDiagnostics: 48ms
Search path: /Users/amy/Desktop/atypikhouse-app/services
Config file name: /Users/amy/Desktop/atypikhouse-app/tsconfig.json
getTemplateReferences: 0ms
updating project structure from ...
updated: ng - 318ms
getDiagnostics: 252ms
getHoverAt: 0ms
getDiagnostics: 44ms
Search path: /Users/amy/Desktop/atypikhouse-app/services
Config file name: /Users/amy/Desktop/atypikhouse-app/tsconfig.json
getTemplateReferences: 0ms
updating project structure from ...
updated: ng - 218ms
getDiagnostics: 286ms
getHoverAt: 0ms
getHoverAt: 0ms
getHoverAt: 1ms
getHoverAt: 0ms
getHoverAt: 0ms
getHoverAt: 1ms
getCompletions: 27ms
getDiagnostics: 13ms
Search path: /Users/amy/Desktop/atypikhouse-app/services
Config file name: /Users/amy/Desktop/atypikhouse-app/tsconfig.json
getTemplateReferences: 0ms
getDiagnostics: 35ms
updating project structure from ...
updated: ng - 174ms
getHoverAt: 0ms
getDiagnostics: 190ms
getHoverAt: 0ms
Search path: /Users/amy/Desktop/atypikhouse-app/services
Config file name: /Users/amy/Desktop/atypikhouse-app/tsconfig.json
getTemplateReferences: 0ms
updating project structure from ...
updated: ng - 642ms
getDiagnostics: 67ms
getHoverAt: 0ms
getHoverAt: 0ms
getHoverAt: 0ms
getDiagnostics: 36ms
getDiagnostics: 45ms
Search path: /Users/amy/Desktop/atypikhouse-app/services
Config file name: /Users/amy/Desktop/atypikhouse-app/tsconfig.json
getTemplateReferences: 0ms
updating project structure from ...
updated: ng - 667ms
getDiagnostics: 241ms
getDiagnostics: 49ms
Search path: /Users/amy/Desktop/atypikhouse-app/services
Config file name: /Users/amy/Desktop/atypikhouse-app/tsconfig.json
getTemplateReferences: 0ms
updating project structure from ...
updated: ng - 192ms
getDiagnostics: 238ms
getHoverAt: 1ms
getDiagnostics: 34ms
Search path: /Users/amy/Desktop/atypikhouse-app/services
Config file name: /Users/amy/Desktop/atypikhouse-app/tsconfig.json
getTemplateReferences: 0ms
getDiagnostics: 97ms
Search path: /Users/amy/Desktop/atypikhouse-app/services
Config file name: /Users/amy/Desktop/atypikhouse-app/tsconfig.json
getTemplateReferences: 0ms
getDiagnostics: 14ms
getDiagnostics: 54ms
getDiagnostics: 50ms
Search path: /Users/amy/Desktop/atypikhouse-app/services
Config file name: /Users/amy/Desktop/atypikhouse-app/tsconfig.json
getTemplateReferences: 0ms
getDiagnostics: 41ms
Search path: /Users/amy/Desktop/atypikhouse-app/services
Config file name: /Users/amy/Desktop/atypikhouse-app/tsconfig.json
getTemplateReferences: 0ms
updating project structure from ...
updated: ng - 234ms
getDiagnostics: 22ms
getDiagnostics: 46ms
Search path: /Users/amy/Desktop/atypikhouse-app/services
Config file name: /Users/amy/Desktop/atypikhouse-app/tsconfig.json
getTemplateReferences: 0ms
updating project structure from ...
updated: ng - 179ms
getDiagnostics: 36ms
getDiagnostics: 30ms
Search path: /Users/amy/Desktop/atypikhouse-app/services
Config file name: /Users/amy/Desktop/atypikhouse-app/tsconfig.json
getTemplateReferences: 0ms
updating project structure from ...
updated: ng - 156ms
getDiagnostics: 110ms
getDiagnostics: 28ms
Search path: /Users/amy/Desktop/atypikhouse-app/services
Config file name: /Users/amy/Desktop/atypikhouse-app/tsconfig.json
getTemplateReferences: 0ms
updating project structure from ...
updated: ng - 625ms
getDiagnostics: 91ms
getDiagnostics: 85ms
Search path: /Users/amy/Desktop/atypikhouse-app/services
Config file name: /Users/amy/Desktop/atypikhouse-app/tsconfig.json
getTemplateReferences: 0ms
getDiagnostics: 82ms
Search path: /Users/amy/Desktop/atypikhouse-app/services
Config file name: /Users/amy/Desktop/atypikhouse-app/tsconfig.json
getTemplateReferences: 0ms
getDiagnostics: 67ms
Search path: /Users/amy/Desktop/atypikhouse-app/services
Config file name: /Users/amy/Desktop/atypikhouse-app/tsconfig.json
getTemplateReferences: 0ms
updating project structure from ...
updated: ng - 204ms
getDiagnostics: 106ms
getHoverAt: 0ms
getHoverAt: 0ms
getHoverAt: 0ms
getDiagnostics: 30ms
getHoverAt: 0ms
Search path: /Users/amy/Desktop/atypikhouse-app/services
Config file name: /Users/amy/Desktop/atypikhouse-app/tsconfig.json
getTemplateReferences: 0ms
updating project structure from ...
updated: ng - 295ms
getHoverAt: 0ms
getDiagnostics: 24ms
getDiagnostics: 41ms
Search path: /Users/amy/Desktop/atypikhouse-app/services
Config file name: /Users/amy/Desktop/atypikhouse-app/tsconfig.json
getTemplateReferences: 0ms
updating project structure from ...
updated: ng - 186ms
getDiagnostics: 48ms
getHoverAt: 1ms
getHoverAt: 0ms
getHoverAt: 45ms
getDiagnostics: 12ms
Search path: /Users/amy/Desktop/atypikhouse-app/services
Config file name: /Users/amy/Desktop/atypikhouse-app/tsconfig.json
getTemplateReferences: 0ms
getHoverAt: 0ms
getHoverAt: 0ms
updating project structure from ...
updated: ng - 1264ms
getDiagnostics: 226ms
getDiagnostics: 60ms
Search path: /Users/amy/Desktop/atypikhouse-app/services
Config file name: /Users/amy/Desktop/atypikhouse-app/tsconfig.json
getTemplateReferences: 0ms
updating project structure from ...
updated: ng - 304ms
getDiagnostics: 79ms
getDiagnostics: 122ms
Search path: /Users/amy/Desktop/atypikhouse-app/services
Config file name: /Users/amy/Desktop/atypikhouse-app/tsconfig.json
getTemplateReferences: 0ms
updating project structure from ...
updated: ng - 329ms
getDiagnostics: 130ms
getDiagnostics: 61ms
Search path: /Users/amy/Desktop/atypikhouse-app/services
Config file name: /Users/amy/Desktop/atypikhouse-app/tsconfig.json
getTemplateReferences: 0ms
updating project structure from ...
updated: ng - 475ms
getDiagnostics: 77ms
Search path: /Users/amy/Desktop/atypikhouse-app/services
Config file name: /Users/amy/Desktop/atypikhouse-app/tsconfig.json
getTemplateReferences: 0ms
getDiagnostics: 15ms
updating project structure from ...
updated: ng - 162ms
getDiagnostics: 171ms
Search path: /Users/amy/Desktop/atypikhouse-app/services
Config file name: /Users/amy/Desktop/atypikhouse-app/tsconfig.json
getTemplateReferences: 0ms
updating project structure from ...
updated: ng - 202ms
getDiagnostics: 210ms
getDiagnostics: 44ms
Search path: /Users/amy/Desktop/atypikhouse-app/services
Config file name: /Users/amy/Desktop/atypikhouse-app/tsconfig.json
getTemplateReferences: 0ms
updating project structure from ...
updated: ng - 284ms
getDiagnostics: 244ms
getDiagnostics: 58ms
Search path: /Users/amy/Desktop/atypikhouse-app/services
Config file name: /Users/amy/Desktop/atypikhouse-app/tsconfig.json
getTemplateReferences: 0ms
updating project structure from ...
updated: ng - 296ms
getDiagnostics: 58ms
getDiagnostics: 65ms
Search path: /Users/amy/Desktop/atypikhouse-app/services
Config file name: /Users/amy/Desktop/atypikhouse-app/tsconfig.json
getTemplateReferences: 0ms
updating project structure from ...
updated: ng - 503ms
getDiagnostics: 71ms
getDiagnostics: 86ms
Search path: /Users/amy/Desktop/atypikhouse-app/services
Config file name: /Users/amy/Desktop/atypikhouse-app/tsconfig.json
getTemplateReferences: 0ms
updating project structure from ...
updated: ng - 466ms
getDiagnostics: 96ms
getHoverAt: 1ms
getHoverAt: 0ms
getDiagnostics: 44ms
Search path: /Users/amy/Desktop/atypikhouse-app/services
Config file name: /Users/amy/Desktop/atypikhouse-app/tsconfig.json
getTemplateReferences: 0ms
getDiagnostics: 52ms
Search path: /Users/amy/Desktop/atypikhouse-app/services
Config file name: /Users/amy/Desktop/atypikhouse-app/tsconfig.json
getTemplateReferences: 0ms
updating project structure from ...
updated: ng - 351ms
getDiagnostics: 148ms
getHoverAt: 0ms
getHoverAt: 0ms
getHoverAt: 0ms
getDiagnostics: 45ms
Search path: /Users/amy/Desktop/atypikhouse-app/services
Config file name: /Users/amy/Desktop/atypikhouse-app/tsconfig.json
getTemplateReferences: 0ms
updating project structure from ...
updated: ng - 186ms
getDiagnostics: 155ms
getHoverAt: 0ms
getHoverAt: 0ms
Search path: /Users/amy/Desktop/atypikhouse-app/src/app/home
Config file name: /Users/amy/Desktop/atypikhouse-app/tsconfig.json
getTemplateReferences: 0ms
getDiagnostics: 415ms
getDiagnostics: 233ms
Search path: /Users/amy/Desktop/atypikhouse-app/services
Config file name: /Users/amy/Desktop/atypikhouse-app/tsconfig.json
getTemplateReferences: 0ms
updating project structure from ...
updated: ng - 288ms
getDiagnostics: 91ms
getHoverAt: 1ms
getDiagnostics: 130ms
Search path: /Users/amy/Desktop/atypikhouse-app/services
Config file name: /Users/amy/Desktop/atypikhouse-app/tsconfig.json
getTemplateReferences: 0ms
updating project structure from ...
updated: ng - 237ms
getDiagnostics: 76ms
getCompletions: 134ms
getDiagnostics: 14ms
Search path: /Users/amy/Desktop/atypikhouse-app/services
Config file name: /Users/amy/Desktop/atypikhouse-app/tsconfig.json
getTemplateReferences: 1ms
updating project structure from ...
updated: ng - 377ms
getDiagnostics: 89ms
getHoverAt: 0ms
getHoverAt: 0ms
getHoverAt: 0ms
getHoverAt: 0ms
getDiagnostics: 73ms
Search path: /Users/amy/Desktop/atypikhouse-app/src/app/home
Config file name: /Users/amy/Desktop/atypikhouse-app/tsconfig.json
getTemplateReferences: 140ms
updating project structure from ...
updated: ng - 0ms
getDiagnostics: 1ms
getHoverAt: 1ms
getHoverAt: 0ms
getHoverAt: 0ms
getHoverAt: 1ms
