[2019-07-30 09:39:19.228] [exthost] [info] extension host started
[2019-07-30 09:39:19.241] [exthost] [info] ExtensionService#_doActivateExtension vscode.debug-auto-launch {"startup":true,"activationEvent":"*"}
[2019-07-30 09:39:19.241] [exthost] [info] ExtensionService#loadCommonJSModule /Applications/Visual Studio Code.app/Contents/Resources/app/extensions/debug-auto-launch/dist/extension
[2019-07-30 09:39:19.244] [exthost] [info] ExtensionService#_doActivateExtension vscode.emmet {"startup":true,"activationEvent":"*"}
[2019-07-30 09:39:19.244] [exthost] [info] ExtensionService#loadCommonJSModule /Applications/Visual Studio Code.app/Contents/Resources/app/extensions/emmet/dist/extension
[2019-07-30 09:39:19.247] [exthost] [info] ExtensionService#_doActivateExtension vscode.git {"startup":true,"activationEvent":"*"}
[2019-07-30 09:39:19.247] [exthost] [info] ExtensionService#loadCommonJSModule /Applications/Visual Studio Code.app/Contents/Resources/app/extensions/git/dist/main
[2019-07-30 09:39:19.268] [exthost] [info] ExtensionService#_doActivateExtension vscode.merge-conflict {"startup":true,"activationEvent":"*"}
[2019-07-30 09:39:19.268] [exthost] [info] ExtensionService#loadCommonJSModule /Applications/Visual Studio Code.app/Contents/Resources/app/extensions/merge-conflict/dist/extension
[2019-07-30 09:39:19.270] [exthost] [info] ExtensionService#_doActivateExtension EditorConfig.EditorConfig {"startup":true,"activationEvent":"*"}
[2019-07-30 09:39:19.270] [exthost] [info] ExtensionService#loadCommonJSModule /Users/amy/.vscode/extensions/editorconfig.editorconfig-0.13.0/out/src/editorConfigMain
[2019-07-30 09:39:19.287] [exthost] [info] ExtensionService#_doActivateExtension esbenp.prettier-vscode {"startup":true,"activationEvent":"*"}
[2019-07-30 09:39:19.287] [exthost] [info] ExtensionService#loadCommonJSModule /Users/amy/.vscode/extensions/esbenp.prettier-vscode-1.9.0/out/src/extension
[2019-07-30 09:39:19.352] [exthost] [info] ExtensionService#_doActivateExtension johnpapa.vscode-peacock {"startup":true,"activationEvent":"*"}
[2019-07-30 09:39:19.352] [exthost] [info] ExtensionService#loadCommonJSModule /Users/amy/.vscode/extensions/johnpapa.vscode-peacock-2.5.2/dist/extension
[2019-07-30 09:39:19.357] [exthost] [info] ExtensionService#_doActivateExtension nrwl.angular-console {"startup":true,"activationEvent":"*"}
[2019-07-30 09:39:19.357] [exthost] [info] ExtensionService#loadCommonJSModule /Users/amy/.vscode/extensions/nrwl.angular-console-8.0.10/main.js
[2019-07-30 09:39:19.361] [exthost] [info] ExtensionService#_doActivateExtension PKief.material-icon-theme {"startup":true,"activationEvent":"*"}
[2019-07-30 09:39:19.361] [exthost] [info] ExtensionService#loadCommonJSModule /Users/amy/.vscode/extensions/pkief.material-icon-theme-3.8.1/dist/extension
[2019-07-30 09:39:19.368] [exthost] [info] eager extensions activated
[2019-07-30 09:39:29.756] [exthost] [info] extension host started
[2019-07-30 09:39:29.786] [exthost] [info] ExtensionService#_doActivateExtension vscode.extension-editing {"startup":false,"activationEvent":"onLanguage:typescript"}
[2019-07-30 09:39:29.786] [exthost] [info] ExtensionService#loadCommonJSModule /Applications/Visual Studio Code.app/Contents/Resources/app/extensions/extension-editing/dist/extension
[2019-07-30 09:39:29.797] [exthost] [info] ExtensionService#_doActivateExtension vscode.typescript-language-features {"startup":false,"activationEvent":"onLanguage:typescript"}
[2019-07-30 09:39:29.797] [exthost] [info] ExtensionService#loadCommonJSModule /Applications/Visual Studio Code.app/Contents/Resources/app/extensions/typescript-language-features/dist/extension
[2019-07-30 09:39:29.824] [exthost] [info] ExtensionService#_doActivateExtension Angular.ng-template {"startup":false,"activationEvent":"onLanguage:typescript"}
[2019-07-30 09:39:29.824] [exthost] [info] ExtensionService#loadCommonJSModule /Users/amy/.vscode/extensions/angular.ng-template-0.801.1/out/extension
[2019-07-30 09:39:29.883] [exthost] [info] ExtensionService#_doActivateExtension ms-vscode.vscode-typescript-tslint-plugin {"startup":false,"activationEvent":"onLanguage:typescript"}
[2019-07-30 09:39:29.883] [exthost] [info] ExtensionService#loadCommonJSModule /Users/amy/.vscode/extensions/ms-vscode.vscode-typescript-tslint-plugin-1.2.2/out/index.js
[2019-07-30 09:39:29.890] [exthost] [info] ExtensionService#_doActivateExtension natewallace.angular2-inline {"startup":false,"activationEvent":"onLanguage:typescript"}
[2019-07-30 09:39:29.890] [exthost] [info] ExtensionService#loadCommonJSModule /Users/amy/.vscode/extensions/natewallace.angular2-inline-0.0.17/src/main
[2019-07-30 09:39:29.905] [exthost] [info] ExtensionService#_doActivateExtension vscode.debug-auto-launch {"startup":true,"activationEvent":"*"}
[2019-07-30 09:39:29.905] [exthost] [info] ExtensionService#loadCommonJSModule /Applications/Visual Studio Code.app/Contents/Resources/app/extensions/debug-auto-launch/dist/extension
[2019-07-30 09:39:29.906] [exthost] [info] ExtensionService#_doActivateExtension vscode.emmet {"startup":true,"activationEvent":"*"}
[2019-07-30 09:39:29.906] [exthost] [info] ExtensionService#loadCommonJSModule /Applications/Visual Studio Code.app/Contents/Resources/app/extensions/emmet/dist/extension
[2019-07-30 09:39:29.911] [exthost] [info] ExtensionService#_doActivateExtension vscode.git {"startup":true,"activationEvent":"*"}
[2019-07-30 09:39:29.911] [exthost] [info] ExtensionService#loadCommonJSModule /Applications/Visual Studio Code.app/Contents/Resources/app/extensions/git/dist/main
[2019-07-30 09:39:29.932] [exthost] [info] ExtensionService#_doActivateExtension vscode.merge-conflict {"startup":true,"activationEvent":"*"}
[2019-07-30 09:39:29.932] [exthost] [info] ExtensionService#loadCommonJSModule /Applications/Visual Studio Code.app/Contents/Resources/app/extensions/merge-conflict/dist/extension
[2019-07-30 09:39:29.935] [exthost] [info] ExtensionService#_doActivateExtension EditorConfig.EditorConfig {"startup":true,"activationEvent":"*"}
[2019-07-30 09:39:29.935] [exthost] [info] ExtensionService#loadCommonJSModule /Users/amy/.vscode/extensions/editorconfig.editorconfig-0.13.0/out/src/editorConfigMain
[2019-07-30 09:39:29.958] [exthost] [info] ExtensionService#_doActivateExtension esbenp.prettier-vscode {"startup":true,"activationEvent":"*"}
[2019-07-30 09:39:29.958] [exthost] [info] ExtensionService#loadCommonJSModule /Users/amy/.vscode/extensions/esbenp.prettier-vscode-1.9.0/out/src/extension
[2019-07-30 09:39:30.040] [exthost] [info] ExtensionService#_doActivateExtension johnpapa.vscode-peacock {"startup":true,"activationEvent":"*"}
[2019-07-30 09:39:30.040] [exthost] [info] ExtensionService#loadCommonJSModule /Users/amy/.vscode/extensions/johnpapa.vscode-peacock-2.5.2/dist/extension
[2019-07-30 09:39:30.046] [exthost] [info] ExtensionService#_doActivateExtension nrwl.angular-console {"startup":true,"activationEvent":"*"}
[2019-07-30 09:39:30.046] [exthost] [info] ExtensionService#loadCommonJSModule /Users/amy/.vscode/extensions/nrwl.angular-console-8.0.10/main.js
[2019-07-30 09:39:30.052] [exthost] [info] ExtensionService#_doActivateExtension PKief.material-icon-theme {"startup":true,"activationEvent":"*"}
[2019-07-30 09:39:30.052] [exthost] [info] ExtensionService#loadCommonJSModule /Users/amy/.vscode/extensions/pkief.material-icon-theme-3.8.1/dist/extension
[2019-07-30 09:39:32.049] [exthost] [info] eager extensions activated
[2019-07-30 09:39:38.623] [exthost] [info] ExtensionService#_doActivateExtension vscode.configuration-editing {"startup":false,"activationEvent":"onLanguage:jsonc"}
[2019-07-30 09:39:38.623] [exthost] [info] ExtensionService#loadCommonJSModule /Applications/Visual Studio Code.app/Contents/Resources/app/extensions/configuration-editing/dist/extension
[2019-07-30 09:39:38.632] [exthost] [info] ExtensionService#_doActivateExtension vscode.json-language-features {"startup":false,"activationEvent":"onLanguage:jsonc"}
[2019-07-30 09:39:38.632] [exthost] [info] ExtensionService#loadCommonJSModule /Applications/Visual Studio Code.app/Contents/Resources/app/extensions/json-language-features/client/dist/jsonMain
[2019-07-30 09:39:42.556] [exthost] [info] ExtensionService#_doActivateExtension vscode.html-language-features {"startup":false,"activationEvent":"onLanguage:html"}
[2019-07-30 09:39:42.556] [exthost] [info] ExtensionService#loadCommonJSModule /Applications/Visual Studio Code.app/Contents/Resources/app/extensions/html-language-features/client/dist/htmlMain
[2019-07-30 09:49:54.263] [exthost] [info] ExtensionService#_doActivateExtension vscode.css-language-features {"startup":false,"activationEvent":"onLanguage:css"}
[2019-07-30 09:49:54.263] [exthost] [info] ExtensionService#loadCommonJSModule /Applications/Visual Studio Code.app/Contents/Resources/app/extensions/css-language-features/client/dist/cssMain
[2019-07-30 11:43:44.039] [exthost] [error] [vscode.typescript-language-features] provider FAILED
[2019-07-30 11:43:44.043] [exthost] [error] Error: <main> TypeScript Server Error (3.5.2)
Debug Failure. False expression: Token end is child end
Error: Debug Failure. False expression: Token end is child end
    at processChildNode (tsserver.js:110675:34)
    at tsserver.js:110622:21
    at visitNode (tsserver.js:16634:24)
    at Object.forEachChild (tsserver.js:16712:21)
    at processNode (tsserver.js:110621:20)
    at processChildNode (tsserver.js:110681:21)
    at processChildNodes (tsserver.js:110732:48)
    at tsserver.js:110624:21
    at visitNodes (tsserver.js:16639:24)
    at Object.forEachChild (tsserver.js:16774:24)
    at processNode (tsserver.js:110621:20)
    at processChildNode (tsserver.js:110681:21)
    at processChildNodes (tsserver.js:110732:48)
    at tsserver.js:110624:21
    at visitNodes (tsserver.js:16639:24)
    at Object.forEachChild (tsserver.js:16778:24)
    at processNode (tsserver.js:110621:20)
    at formatSpanWorker (tsserver.js:110439:17)
    at tsserver.js:110403:140
    at Object.getFormattingScanner (tsserver.js:109209:23)
    at Object.formatNodeGivenIndentation (tsserver.js:110403:31)
    at getFormattedTextOfNode (tsserver.js:112407:45)
    at format (tsserver.js:112385:52)
    at computeNewText (tsserver.js:112388:23)
    at tsserver.js:112358:89
    at Array.map (<anonymous>)
    at tsserver.js:112357:50
    at Array.map (<anonymous>)
    at Object.getTextChangesFromChanges (tsserver.js:112343:86)
    at ChangeTracker.getChanges (tsserver.js:112313:45)
    at Function.ChangeTracker.with (tsserver.js:111856:32)
    at Object.getCodeActions (tsserver.js:113195:64)
    at tsserver.js:112841:121
    at Object.flatMap (tsserver.js:573:25)
    at Object.getFixes (tsserver.js:112841:23)
    at tsserver.js:122417:35
    at Object.flatMap (tsserver.js:573:25)
    at Object.getCodeFixesAtPosition (tsserver.js:122415:23)
    at TSLintPlugin.getCodeFixesAtPosition (/Users/amy/.vscode/extensions/ms-vscode.vscode-typescript-tslint-plugin-1.2.2/node_modules/typescript-tslint-plugin/out/plugin.js:170:34)
    at Proxy.intercept.getCodeFixesAtPosition.args (/Users/amy/.vscode/extensions/ms-vscode.vscode-typescript-tslint-plugin-1.2.2/node_modules/typescript-tslint-plugin/out/plugin.js:77:25)
    at IOSession.Session.getCodeFixes (tsserver.js:131471:64)
    at Session.handlers.ts.createMapFromTemplate._a.(anonymous function) (tsserver.js:130221:61)
    at tsserver.js:131665:88
    at IOSession.Session.executeWithRequestId (tsserver.js:131656:28)
    at IOSession.Session.executeCommand (tsserver.js:131665:33)
    at IOSession.Session.onMessage (tsserver.js:131687:35)
    at Interface.<anonymous> (tsserver.js:132978:27)
    at Interface.emit (events.js:182:13)
    at Interface._onLine (readline.js:290:10)
    at Interface._normalWrite (readline.js:433:12)
    at Socket.ondata (readline.js:149:10)
    at Socket.emit (events.js:182:13)
    at addChunk (_stream_readable.js:283:12)
    at readableAddChunk (_stream_readable.js:264:11)
    at Socket.Readable.push (_stream_readable.js:219:10)
    at Pipe.onStreamRead [as onread] (internal/stream_base_commons.js:94:17)
	at Function.create (/Applications/Visual Studio Code.app/Contents/Resources/app/extensions/typescript-language-features/dist/extension.js:53:63436)
	at h.dispatchResponse (/Applications/Visual Studio Code.app/Contents/Resources/app/extensions/typescript-language-features/dist/extension.js:53:56618)
	at h.dispatchMessage (/Applications/Visual Studio Code.app/Contents/Resources/app/extensions/typescript-language-features/dist/extension.js:53:55516)
	at constructor._reader.onData.e (/Applications/Visual Studio Code.app/Contents/Resources/app/extensions/typescript-language-features/dist/extension.js:53:54992)
	at u.fire (/Applications/Visual Studio Code.app/Contents/Resources/app/out/vs/workbench/services/extensions/node/extensionHostProcess.js:48:468)
	at t.Reader.onLengthData (/Applications/Visual Studio Code.app/Contents/Resources/app/extensions/typescript-language-features/dist/extension.js:53:61656)
	at Socket.t.Reader.constructor.e.on.e (/Applications/Visual Studio Code.app/Contents/Resources/app/extensions/typescript-language-features/dist/extension.js:53:61304)
	at Socket.emit (events.js:182:13)
	at addChunk (_stream_readable.js:283:12)
	at readableAddChunk (_stream_readable.js:264:11)
	at Socket.Readable.push (_stream_readable.js:219:10)
	at Pipe.onStreamRead [as onread] (internal/stream_base_commons.js:94:17)
[2019-07-30 11:46:22.909] [exthost] [error] [vscode.typescript-language-features] provider FAILED
[2019-07-30 11:46:22.909] [exthost] [error] Error: DisposableStore is missing...
	at R._convertCompletionItem (/Applications/Visual Studio Code.app/Contents/Resources/app/out/vs/workbench/services/extensions/node/extensionHostProcess.js:554:618)
	at define.resolveCompletionItem.o.asPromise.then.e (/Applications/Visual Studio Code.app/Contents/Resources/app/out/vs/workbench/services/extensions/node/extensionHostProcess.js:554:248)
