[2019-08-01 22:54:03.162] [exthost] [info] extension host started
[2019-08-01 22:54:03.200] [exthost] [info] ExtensionService#_doActivateExtension vscode.debug-auto-launch {"startup":true,"activationEvent":"*"}
[2019-08-01 22:54:03.200] [exthost] [info] ExtensionService#loadCommonJSModule /Applications/Visual Studio Code.app/Contents/Resources/app/extensions/debug-auto-launch/dist/extension
[2019-08-01 22:54:03.203] [exthost] [info] ExtensionService#_doActivateExtension vscode.emmet {"startup":true,"activationEvent":"*"}
[2019-08-01 22:54:03.203] [exthost] [info] ExtensionService#loadCommonJSModule /Applications/Visual Studio Code.app/Contents/Resources/app/extensions/emmet/dist/extension
[2019-08-01 22:54:03.219] [exthost] [info] ExtensionService#_doActivateExtension vscode.git {"startup":true,"activationEvent":"*"}
[2019-08-01 22:54:03.219] [exthost] [info] ExtensionService#loadCommonJSModule /Applications/Visual Studio Code.app/Contents/Resources/app/extensions/git/dist/main
[2019-08-01 22:54:03.244] [exthost] [info] ExtensionService#_doActivateExtension vscode.merge-conflict {"startup":true,"activationEvent":"*"}
[2019-08-01 22:54:03.244] [exthost] [info] ExtensionService#loadCommonJSModule /Applications/Visual Studio Code.app/Contents/Resources/app/extensions/merge-conflict/dist/extension
[2019-08-01 22:54:03.248] [exthost] [info] ExtensionService#_doActivateExtension EditorConfig.EditorConfig {"startup":true,"activationEvent":"*"}
[2019-08-01 22:54:03.248] [exthost] [info] ExtensionService#loadCommonJSModule /Users/amy/.vscode/extensions/editorconfig.editorconfig-0.13.0/out/src/editorConfigMain
[2019-08-01 22:54:03.274] [exthost] [info] ExtensionService#_doActivateExtension esbenp.prettier-vscode {"startup":true,"activationEvent":"*"}
[2019-08-01 22:54:03.274] [exthost] [info] ExtensionService#loadCommonJSModule /Users/amy/.vscode/extensions/esbenp.prettier-vscode-1.9.0/out/src/extension
[2019-08-01 22:54:03.357] [exthost] [info] ExtensionService#_doActivateExtension johnpapa.vscode-peacock {"startup":true,"activationEvent":"*"}
[2019-08-01 22:54:03.358] [exthost] [info] ExtensionService#loadCommonJSModule /Users/amy/.vscode/extensions/johnpapa.vscode-peacock-2.5.2/dist/extension
[2019-08-01 22:54:03.364] [exthost] [info] ExtensionService#_doActivateExtension nrwl.angular-console {"startup":true,"activationEvent":"*"}
[2019-08-01 22:54:03.364] [exthost] [info] ExtensionService#loadCommonJSModule /Users/amy/.vscode/extensions/nrwl.angular-console-8.0.10/main.js
[2019-08-01 22:54:03.372] [exthost] [info] ExtensionService#_doActivateExtension PKief.material-icon-theme {"startup":true,"activationEvent":"*"}
[2019-08-01 22:54:03.372] [exthost] [info] ExtensionService#loadCommonJSModule /Users/amy/.vscode/extensions/pkief.material-icon-theme-3.8.1/dist/extension
[2019-08-01 22:54:03.390] [exthost] [info] eager extensions activated
[2019-08-01 22:54:08.124] [exthost] [info] extension host started
[2019-08-01 22:54:08.195] [exthost] [info] ExtensionService#_doActivateExtension vscode.emmet {"startup":false,"activationEvent":"onLanguage:html"}
[2019-08-01 22:54:08.195] [exthost] [info] ExtensionService#loadCommonJSModule /Applications/Visual Studio Code.app/Contents/Resources/app/extensions/emmet/dist/extension
[2019-08-01 22:54:08.204] [exthost] [info] ExtensionService#_doActivateExtension vscode.html-language-features {"startup":false,"activationEvent":"onLanguage:html"}
[2019-08-01 22:54:08.204] [exthost] [info] ExtensionService#loadCommonJSModule /Applications/Visual Studio Code.app/Contents/Resources/app/extensions/html-language-features/client/dist/htmlMain
[2019-08-01 22:54:08.242] [exthost] [info] ExtensionService#_doActivateExtension Angular.ng-template {"startup":false,"activationEvent":"onLanguage:html"}
[2019-08-01 22:54:08.242] [exthost] [info] ExtensionService#loadCommonJSModule /Users/amy/.vscode/extensions/angular.ng-template-0.801.1/out/extension
[2019-08-01 22:54:08.343] [exthost] [info] ExtensionService#_doActivateExtension vscode.debug-auto-launch {"startup":true,"activationEvent":"*"}
[2019-08-01 22:54:08.343] [exthost] [info] ExtensionService#loadCommonJSModule /Applications/Visual Studio Code.app/Contents/Resources/app/extensions/debug-auto-launch/dist/extension
[2019-08-01 22:54:08.345] [exthost] [info] ExtensionService#_doActivateExtension vscode.git {"startup":true,"activationEvent":"*"}
[2019-08-01 22:54:08.345] [exthost] [info] ExtensionService#loadCommonJSModule /Applications/Visual Studio Code.app/Contents/Resources/app/extensions/git/dist/main
[2019-08-01 22:54:08.377] [exthost] [info] ExtensionService#_doActivateExtension vscode.merge-conflict {"startup":true,"activationEvent":"*"}
[2019-08-01 22:54:08.377] [exthost] [info] ExtensionService#loadCommonJSModule /Applications/Visual Studio Code.app/Contents/Resources/app/extensions/merge-conflict/dist/extension
[2019-08-01 22:54:08.380] [exthost] [info] ExtensionService#_doActivateExtension EditorConfig.EditorConfig {"startup":true,"activationEvent":"*"}
[2019-08-01 22:54:08.380] [exthost] [info] ExtensionService#loadCommonJSModule /Users/amy/.vscode/extensions/editorconfig.editorconfig-0.13.0/out/src/editorConfigMain
[2019-08-01 22:54:08.422] [exthost] [info] ExtensionService#_doActivateExtension esbenp.prettier-vscode {"startup":true,"activationEvent":"*"}
[2019-08-01 22:54:08.422] [exthost] [info] ExtensionService#loadCommonJSModule /Users/amy/.vscode/extensions/esbenp.prettier-vscode-1.9.0/out/src/extension
[2019-08-01 22:54:08.541] [exthost] [info] ExtensionService#_doActivateExtension johnpapa.vscode-peacock {"startup":true,"activationEvent":"*"}
[2019-08-01 22:54:08.541] [exthost] [info] ExtensionService#loadCommonJSModule /Users/amy/.vscode/extensions/johnpapa.vscode-peacock-2.5.2/dist/extension
[2019-08-01 22:54:08.546] [exthost] [info] ExtensionService#_doActivateExtension nrwl.angular-console {"startup":true,"activationEvent":"*"}
[2019-08-01 22:54:08.546] [exthost] [info] ExtensionService#loadCommonJSModule /Users/amy/.vscode/extensions/nrwl.angular-console-8.0.10/main.js
[2019-08-01 22:54:08.554] [exthost] [info] ExtensionService#_doActivateExtension PKief.material-icon-theme {"startup":true,"activationEvent":"*"}
[2019-08-01 22:54:08.554] [exthost] [info] ExtensionService#loadCommonJSModule /Users/amy/.vscode/extensions/pkief.material-icon-theme-3.8.1/dist/extension
[2019-08-01 22:54:10.094] [exthost] [info] ExtensionService#_doActivateExtension vscode.extension-editing {"startup":false,"activationEvent":"onLanguage:typescript"}
[2019-08-01 22:54:10.094] [exthost] [info] ExtensionService#loadCommonJSModule /Applications/Visual Studio Code.app/Contents/Resources/app/extensions/extension-editing/dist/extension
[2019-08-01 22:54:10.105] [exthost] [info] ExtensionService#_doActivateExtension vscode.typescript-language-features {"startup":false,"activationEvent":"onLanguage:typescript"}
[2019-08-01 22:54:10.105] [exthost] [info] ExtensionService#loadCommonJSModule /Applications/Visual Studio Code.app/Contents/Resources/app/extensions/typescript-language-features/dist/extension
[2019-08-01 22:54:10.131] [exthost] [info] ExtensionService#_doActivateExtension ms-vscode.vscode-typescript-tslint-plugin {"startup":false,"activationEvent":"onLanguage:typescript"}
[2019-08-01 22:54:10.131] [exthost] [info] ExtensionService#loadCommonJSModule /Users/amy/.vscode/extensions/ms-vscode.vscode-typescript-tslint-plugin-1.2.2/out/index.js
[2019-08-01 22:54:10.136] [exthost] [info] ExtensionService#_doActivateExtension natewallace.angular2-inline {"startup":false,"activationEvent":"onLanguage:typescript"}
[2019-08-01 22:54:10.136] [exthost] [info] ExtensionService#loadCommonJSModule /Users/amy/.vscode/extensions/natewallace.angular2-inline-0.0.17/src/main
[2019-08-01 22:54:10.154] [exthost] [info] eager extensions activated
[2019-08-01 22:54:22.358] [exthost] [info] ExtensionService#_doActivateExtension vscode.configuration-editing {"startup":false,"activationEvent":"onLanguage:jsonc"}
[2019-08-01 22:54:22.358] [exthost] [info] ExtensionService#loadCommonJSModule /Applications/Visual Studio Code.app/Contents/Resources/app/extensions/configuration-editing/dist/extension
[2019-08-01 22:54:22.366] [exthost] [info] ExtensionService#_doActivateExtension vscode.json-language-features {"startup":false,"activationEvent":"onLanguage:jsonc"}
[2019-08-01 22:54:22.366] [exthost] [info] ExtensionService#loadCommonJSModule /Applications/Visual Studio Code.app/Contents/Resources/app/extensions/json-language-features/client/dist/jsonMain
